#
# A fatal error has been detected by the Java Runtime Environment:
#
#  EXCEPTION_ACCESS_VIOLATION (0xc0000005) at pc=0x0000000067abc94d, pid=3000, tid=0x00000000000019f4
#
# JRE version: OpenJDK Runtime Environment (8.0_152-b02) (build 1.8.0_152-release-1024-b02)
# Java VM: OpenJDK 64-Bit Server VM (25.152-b02 mixed mode windows-amd64 compressed oops)
# Problematic frame:
# V  [jvm.dll+0x9c94d]
#
# Failed to write core dump. Minidumps are not enabled by default on client versions of Windows
#
# If you would like to submit a bug report, please visit:
#   http://bugreport.java.com/bugreport/crash.jsp
#

---------------  T H R E A D  ---------------

Current thread (0x000000001a9f9800):  JavaThread "ForkJoinPool.commonPool-worker-18" daemon [_thread_in_vm, id=6644, stack(0x0000000040540000,0x0000000040640000)]

siginfo: ExceptionCode=0xc0000005, reading address 0x00000000000001c0

Registers:
RAX=0x0000000000000000, RBX=0x00000000231a2d38, RCX=0x0000000000009002, RDX=0x00000000231a2d38
RSP=0x000000004063e0f0, RBP=0x000000001a9f9800, RSI=0x000000001a9f9800, RDI=0x000000001e0c3960
R8 =0x00000001009e06e8, R9 =0x000000001b5ee698, R10=0x00000000231a2d38, R11=0x0000000000000018
R12=0x0000000000000003, R13=0x000000004063e1d0, R14=0x0000000000000001, R15=0x000000004063e3a0
RIP=0x0000000067abc94d, EFLAGS=0x0000000000010217

Top of Stack: (sp=0x000000004063e0f0)
0x000000004063e0f0:   000000004063e130 000000004063e1d0
0x000000004063e100:   000000004063e520 000000001a9f9800
0x000000004063e110:   000000004063e130 0000000000000002
0x000000004063e120:   0000ec7ab959f27d 000000001a9f9800
0x000000004063e130:   0000000015cbaaf0 0000000002d45300
0x000000004063e140:   0000000000000000 0000000000000000
0x000000004063e150:   000000004063e3a0 000000001e0c3960
0x000000004063e160:   0000000002d45300 0000000002d44330
0x000000004063e170:   000000004063e270 0000000067abe0a7
0x000000004063e180:   00000000231a2d38 000000001a9f9800
0x000000004063e190:   00000001009e06e8 000000001a9f9800
0x000000004063e1a0:   0000000000000000 0000000000000001
0x000000004063e1b0:   000000001a9f9800 000000001a9f9800
0x000000004063e1c0:   00000000231a2d38 000000001a9f9800
0x000000004063e1d0:   00000000231a2d38 000000001a9f9800
0x000000004063e1e0:   0000000000000000 00000001009e06e8 

Instructions: (pc=0x0000000067abc94d)
0x0000000067abc92d:   50 49 8b d5 e8 4a e2 f6 ff 48 8b 74 24 58 48 8b
0x0000000067abc93d:   7c 24 50 e9 e8 00 00 00 48 8b 84 24 b0 00 00 00
0x0000000067abc94d:   4a 8b bc e0 a8 01 00 00 48 85 ff 0f 84 54 03 00
0x0000000067abc95d:   00 48 8b 9d 28 01 00 00 8b 13 3b 53 04 75 08 48 


Register to memory mapping:

RAX=0x0000000000000000 is an unknown value
RBX={method} {0x00000000231a2d40} 'hashCode' '()I' in 'com/android/tools/r8/graph/CachedHashValueDexItem'
RCX=0x0000000000009002 is an unknown value
RDX={method} {0x00000000231a2d40} 'hashCode' '()I' in 'com/android/tools/r8/graph/CachedHashValueDexItem'
RSP=0x000000004063e0f0 is pointing into the stack for thread: 0x000000001a9f9800
RBP=0x000000001a9f9800 is a thread
RSI=0x000000001a9f9800 is a thread
RDI=0x000000001e0c3960 is an unknown value
R8 =0x00000001009e06e8 is pointing into metadata
R9 =0x000000001b5ee698 is an unknown value
R10={method} {0x00000000231a2d40} 'hashCode' '()I' in 'com/android/tools/r8/graph/CachedHashValueDexItem'
R11=0x0000000000000018 is an unknown value
R12=0x0000000000000003 is an unknown value
R13=0x000000004063e1d0 is pointing into the stack for thread: 0x000000001a9f9800
R14=0x0000000000000001 is an unknown value
R15=0x000000004063e3a0 is pointing into the stack for thread: 0x000000001a9f9800


Stack: [0x0000000040540000,0x0000000040640000],  sp=0x000000004063e0f0,  free space=1016k
Native frames: (J=compiled Java code, j=interpreted, Vv=VM code, C=native code)
V  [jvm.dll+0x9c94d]
V  [jvm.dll+0x9e0a7]
V  [jvm.dll+0x9ea2a]
V  [jvm.dll+0x9f087]
V  [jvm.dll+0x9734a]
C  0x0000000002e2466c

Java frames: (J=compiled Java code, j=interpreted, Vv=VM code)
j  com.android.tools.r8.graph.DexDebugEvent$SetInlineFrame.hashCode()I+6
J 14433 C1 java.util.HashMap.computeIfAbsent(Ljava/lang/Object;Ljava/util/function/Function;)Ljava/lang/Object; (309 bytes) @ 0x00000000036dc49c [0x00000000036dc2a0+0x1fc]
j  com.android.tools.r8.graph.DexItemFactory.createSetInlineFrame(Lcom/android/tools/r8/graph/DexMethod;Lcom/android/tools/r8/ir/code/Position;)Lcom/android/tools/r8/graph/DexDebugEvent$SetInlineFrame;+25
J 17698 C1 com.android.tools.r8.graph.DexDebugEventBuilder.emitAdvancementEvents(ILcom/android/tools/r8/ir/code/Position;ILcom/android/tools/r8/ir/code/Position;Ljava/util/List;Lcom/android/tools/r8/graph/DexItemFactory;)V (336 bytes) @ 0x0000000005e75194 [0x0000000005e74a00+0x794]
J 17601 C1 com.android.tools.r8.graph.DexDebugEventBuilder.emitDebugPosition(ILcom/android/tools/r8/ir/code/Position;)V (192 bytes) @ 0x0000000005e10c84 [0x0000000005e10a00+0x284]
J 17237 C1 com.android.tools.r8.graph.DexDebugEventBuilder.add(IILcom/android/tools/r8/ir/code/Instruction;)V (313 bytes) @ 0x0000000005cff0a4 [0x0000000005cfe1c0+0xee4]
J 17648 C1 com.android.tools.r8.ir.conversion.DexBuilder.build(I)Lcom/android/tools/r8/graph/DexCode; (646 bytes) @ 0x0000000005e55dbc [0x0000000005e53ec0+0x1efc]
J 18153 C1 com.android.tools.r8.ir.conversion.IRConverter.finalizeToDex(Lcom/android/tools/r8/graph/DexEncodedMethod;Lcom/android/tools/r8/ir/code/IRCode;Lcom/android/tools/r8/ir/conversion/OptimizationFeedback;)V (40 bytes) @ 0x000000000600793c [0x0000000006007800+0x13c]
J 18085 C1 com.android.tools.r8.ir.conversion.IRConverter.finalizeIR(Lcom/android/tools/r8/graph/DexEncodedMethod;Lcom/android/tools/r8/ir/code/IRCode;Lcom/android/tools/r8/ir/conversion/OptimizationFeedback;)V (52 bytes) @ 0x0000000005fd60c4 [0x0000000005fd5ea0+0x224]
J 17986 C1 com.android.tools.r8.ir.conversion.IRConverter.rewriteCode(Lcom/android/tools/r8/graph/DexEncodedMethod;Lcom/android/tools/r8/ir/conversion/OptimizationFeedback;Ljava/util/function/Predicate;Lcom/android/tools/r8/ir/conversion/CallSiteInformation;Ljava/util/function/BiConsumer;)V (752 bytes) @ 0x0000000005f8c394 [0x0000000005f8a4c0+0x1ed4]
J 19747 C2 com.android.tools.r8.ir.conversion.IRConverter$$Lambda$462.accept(Ljava/lang/Object;)V (12 bytes) @ 0x00000000062b0f64 [0x00000000062b0ba0+0x3c4]
J 19143 C1 com.android.tools.r8.graph.DexClass.forEachMethodThrowing(Lcom/android/tools/r8/utils/ThrowingConsumer;)V (75 bytes) @ 0x0000000004b11db4 [0x0000000004b11be0+0x1d4]
J 18109 C1 com.android.tools.r8.ir.conversion.IRConverter$$Lambda$461.call()Ljava/lang/Object; (12 bytes) @ 0x0000000005ff7794 [0x0000000005ff76c0+0xd4]
J 16836 C1 java.util.concurrent.ForkJoinTask$AdaptedCallable.exec()Z (31 bytes) @ 0x0000000003a5ee4c [0x0000000003a5ed40+0x10c]
J 17655 C1 java.util.concurrent.ForkJoinTask.doExec()I (37 bytes) @ 0x0000000005e4ca0c [0x0000000005e4c8c0+0x14c]
J 17654 C1 java.util.concurrent.ForkJoinPool$WorkQueue.runTask(Ljava/util/concurrent/ForkJoinTask;)V (86 bytes) @ 0x0000000005e4d25c [0x0000000005e4d0e0+0x17c]
j  java.util.concurrent.ForkJoinPool.runWorker(Ljava/util/concurrent/ForkJoinPool$WorkQueue;)V+35
j  java.util.concurrent.ForkJoinWorkerThread.run()V+24
v  ~StubRoutines::call_stub

---------------  P R O C E S S  ---------------

Java Threads: ( => current thread )
  0x000000001a9fe800 JavaThread "ForkJoinPool.commonPool-worker-19" daemon [_thread_blocked, id=3332, stack(0x0000000040a40000,0x0000000040b40000)]
  0x000000001a9fc800 JavaThread "ForkJoinPool.commonPool-worker-22" daemon [_thread_blocked, id=2988, stack(0x0000000040940000,0x0000000040a40000)]
  0x000000001a9fb000 JavaThread "ForkJoinPool.commonPool-worker-29" daemon [_thread_in_Java, id=8064, stack(0x0000000040840000,0x0000000040940000)]
  0x000000001a9f3800 JavaThread "ForkJoinPool.commonPool-worker-21" daemon [_thread_in_Java, id=1284, stack(0x0000000040740000,0x0000000040840000)]
  0x000000001a9fa000 JavaThread "ForkJoinPool.commonPool-worker-28" daemon [_thread_in_Java, id=2340, stack(0x0000000040640000,0x0000000040740000)]
=>0x000000001a9f9800 JavaThread "ForkJoinPool.commonPool-worker-18" daemon [_thread_in_vm, id=6644, stack(0x0000000040540000,0x0000000040640000)]
  0x000000001a9f2000 JavaThread "ForkJoinPool.commonPool-worker-25" daemon [_thread_in_Java, id=5468, stack(0x0000000040440000,0x0000000040540000)]
  0x000000001a9f8000 JavaThread "ForkJoinPool.commonPool-worker-17" daemon [_thread_blocked, id=6820, stack(0x0000000040340000,0x0000000040440000)]
  0x000000001a9f0800 JavaThread "ForkJoinPool.commonPool-worker-24" daemon [_thread_blocked, id=5728, stack(0x0000000040240000,0x0000000040340000)]
  0x000000001a9f7000 JavaThread "ForkJoinPool.commonPool-worker-23" daemon [_thread_blocked, id=2712, stack(0x0000000040140000,0x0000000040240000)]
  0x000000001a9f5800 JavaThread "ForkJoinPool.commonPool-worker-13" daemon [_thread_blocked, id=7708, stack(0x0000000040040000,0x0000000040140000)]
  0x000000001a9f5000 JavaThread "ForkJoinPool.commonPool-worker-9" daemon [_thread_in_Java, id=6576, stack(0x000000003ff40000,0x0000000040040000)]
  0x000000001a9f2800 JavaThread "ForkJoinPool.commonPool-worker-14" daemon [_thread_blocked, id=7536, stack(0x000000003fe40000,0x000000003ff40000)]
  0x000000001c62a000 JavaThread "ForkJoinPool.commonPool-worker-12" daemon [_thread_blocked, id=7148, stack(0x000000003fd40000,0x000000003fe40000)]
  0x000000001c624000 JavaThread "ForkJoinPool.commonPool-worker-10" daemon [_thread_blocked, id=3604, stack(0x000000003fc40000,0x000000003fd40000)]
  0x000000001c622800 JavaThread "ForkJoinPool.commonPool-worker-8" daemon [_thread_blocked, id=3868, stack(0x000000003fb40000,0x000000003fc40000)]
  0x000000001c629800 JavaThread "ForkJoinPool.commonPool-worker-15" daemon [_thread_blocked, id=7332, stack(0x000000003fa40000,0x000000003fb40000)]
  0x000000001c628800 JavaThread "ForkJoinPool.commonPool-worker-11" daemon [_thread_blocked, id=5996, stack(0x000000003f940000,0x000000003fa40000)]
  0x000000001c628000 JavaThread "ForkJoinPool.commonPool-worker-6" daemon [_thread_blocked, id=4364, stack(0x000000003f840000,0x000000003f940000)]
  0x000000001c620800 JavaThread "ForkJoinPool.commonPool-worker-4" daemon [_thread_blocked, id=3308, stack(0x000000003f740000,0x000000003f840000)]
  0x000000001c627000 JavaThread "ForkJoinPool.commonPool-worker-7" daemon [_thread_blocked, id=7776, stack(0x000000003f640000,0x000000003f740000)]
  0x000000001c626800 JavaThread "ForkJoinPool.commonPool-worker-5" daemon [_thread_blocked, id=6996, stack(0x000000003f540000,0x000000003f640000)]
  0x000000001c61b000 JavaThread "ForkJoinPool.commonPool-worker-3" daemon [_thread_blocked, id=3028, stack(0x000000003f440000,0x000000003f540000)]
  0x000000001c61e000 JavaThread "ForkJoinPool.commonPool-worker-2" daemon [_thread_blocked, id=5588, stack(0x000000003f340000,0x000000003f440000)]
  0x000000001c61f000 JavaThread "ForkJoinPool.commonPool-worker-1" daemon [_thread_in_Java, id=6268, stack(0x000000003f240000,0x000000003f340000)]
  0x000000001c61f800 JavaThread "ForkJoinPool.commonPool-worker-0" daemon [_thread_blocked, id=6708, stack(0x000000003f140000,0x000000003f240000)]
  0x000000001c622000 JavaThread "Cache worker for Java compile cache (D:\LaCostaZamboanga\.gradle\4.4\javaCompile)" [_thread_blocked, id=1948, stack(0x000000003f040000,0x000000003f140000)]
  0x0000000021545000 JavaThread "Task worker for ':'" [_thread_blocked, id=592, stack(0x000000003e140000,0x000000003e240000)]
  0x0000000021543800 JavaThread "Cache worker for Build Output Cleanup Cache (D:\LaCostaZamboanga\.gradle\buildOutputCleanup)" [_thread_blocked, id=7680, stack(0x000000003e040000,0x000000003e140000)]
  0x0000000021543000 JavaThread "Cache worker for task history cache (D:\LaCostaZamboanga\.gradle\4.4\taskHistory)" [_thread_blocked, id=2536, stack(0x000000003df40000,0x000000003e040000)]
  0x000000002153b800 JavaThread "Cache worker for file content cache (D:\LaCostaZamboanga\.gradle\4.4\fileContent)" [_thread_blocked, id=7024, stack(0x000000003de40000,0x000000003df40000)]
  0x0000000021542000 JavaThread "build operations Thread 2" [_thread_blocked, id=3128, stack(0x000000003dd40000,0x000000003de40000)]
  0x0000000021540800 JavaThread "build operations" [_thread_blocked, id=7688, stack(0x000000003dc40000,0x000000003dd40000)]
  0x000000002153d000 JavaThread "Cache worker for Artifact transforms cache (C:\Users\Narding\.gradle\caches\transforms-1)" [_thread_blocked, id=4848, stack(0x000000003db40000,0x000000003dc40000)]
  0x000000002153f000 JavaThread "Cache worker for file hash cache (D:\LaCostaZamboanga\.gradle\4.4\fileHashes)" [_thread_blocked, id=2844, stack(0x000000003da40000,0x000000003db40000)]
  0x0000000021541800 JavaThread "Stdin handler" [_thread_blocked, id=6404, stack(0x000000003d940000,0x000000003da40000)]
  0x0000000021538800 JavaThread "Asynchronous log dispatcher for DefaultDaemonConnection: socket connection from /127.0.0.1:31682 to /127.0.0.1:39810" [_thread_blocked, id=6008, stack(0x000000003d840000,0x000000003d940000)]
  0x000000002153a800 JavaThread "Daemon worker Thread 11" [_thread_blocked, id=7196, stack(0x000000003d740000,0x000000003d840000)]
  0x000000002153c000 JavaThread "Cancel handler" [_thread_blocked, id=4292, stack(0x000000003d640000,0x000000003d740000)]
  0x0000000021539000 JavaThread "Handler for socket connection from /127.0.0.1:31682 to /127.0.0.1:39810" [_thread_in_native, id=4840, stack(0x000000003d540000,0x000000003d640000)]
  0x000000002153d800 JavaThread "Daemon Thread 11" [_thread_blocked, id=7624, stack(0x000000003d440000,0x000000003d540000)]
  0x000000002153a000 JavaThread "Java2D Disposer" daemon [_thread_blocked, id=7216, stack(0x000000002b640000,0x000000002b740000)]
  0x0000000019171800 JavaThread "Memory manager" [_thread_blocked, id=1560, stack(0x000000001f480000,0x000000001f580000)]
  0x000000001a908800 JavaThread "File lock request listener" [_thread_in_native, id=4904, stack(0x000000001bb40000,0x000000001bc40000)]
  0x0000000018d00000 JavaThread "Cache worker for file hash cache (C:\Users\Narding\.gradle\caches\4.4\fileHashes)" [_thread_blocked, id=276, stack(0x000000001ba40000,0x000000001bb40000)]
  0x0000000018c5a800 JavaThread "Daemon periodic checks" [_thread_blocked, id=7876, stack(0x0000000019f70000,0x000000001a070000)]
  0x0000000018c49800 JavaThread "Incoming local TCP Connector on port 31682" [_thread_in_native, id=5748, stack(0x0000000019a70000,0x0000000019b70000)]
  0x0000000016593000 JavaThread "Service Thread" daemon [_thread_blocked, id=6172, stack(0x0000000017760000,0x0000000017860000)]
  0x0000000016584800 JavaThread "C1 CompilerThread1" daemon [_thread_blocked, id=2288, stack(0x0000000017660000,0x0000000017760000)]
  0x0000000016523800 JavaThread "C2 CompilerThread0" daemon [_thread_in_native, id=8048, stack(0x0000000017560000,0x0000000017660000)]
  0x0000000016522000 JavaThread "Attach Listener" daemon [_thread_blocked, id=7068, stack(0x0000000017460000,0x0000000017560000)]
  0x000000001652f800 JavaThread "Signal Dispatcher" daemon [_thread_blocked, id=6984, stack(0x0000000017360000,0x0000000017460000)]
  0x000000001650f000 JavaThread "Finalizer" daemon [_thread_blocked, id=8128, stack(0x0000000017170000,0x0000000017270000)]
  0x00000000164e4800 JavaThread "Reference Handler" daemon [_thread_blocked, id=7916, stack(0x0000000017070000,0x0000000017170000)]
  0x0000000002d00800 JavaThread "main" [_thread_blocked, id=6468, stack(0x0000000002990000,0x0000000002a90000)]

Other Threads:
  0x00000000164dc800 VMThread [stack: 0x0000000016f70000,0x0000000017070000] [id=7636]
  0x0000000016588800 WatcherThread [stack: 0x0000000017860000,0x0000000017960000] [id=5716]

VM state:not at safepoint (normal execution)

VM Mutex/Monitor currently owned by a thread: None

Heap:
 PSYoungGen      total 463360K, used 261951K [0x00000000e0000000, 0x0000000100000000, 0x0000000100000000)
  eden space 417792K, 52% used [0x00000000e0000000,0x00000000ed669eb0,0x00000000f9800000)
  from space 45568K, 93% used [0x00000000fd380000,0x00000000ffce5dc0,0x0000000100000000)
  to   space 53248K, 0% used [0x00000000f9800000,0x00000000f9800000,0x00000000fcc00000)
 ParOldGen       total 201728K, used 101879K [0x00000000a0000000, 0x00000000ac500000, 0x00000000e0000000)
  object space 201728K, 50% used [0x00000000a0000000,0x00000000a637df60,0x00000000ac500000)
 Metaspace       used 93079K, capacity 99451K, committed 99672K, reserved 1136640K
  class space    used 11639K, capacity 12845K, committed 12928K, reserved 1048576K

Card table byte_map: [0x00000000121c0000,0x00000000124d0000] byte_map_base: 0x0000000011cc0000

Marking Bits: (ParMarkBitMap*) 0x00000000681e4970
 Begin Bits: [0x00000000128d0000, 0x00000000140d0000)
 End Bits:   [0x00000000140d0000, 0x00000000158d0000)

Polling page: 0x0000000001250000

CodeCache: size=245760Kb used=66752Kb max_used=66761Kb free=179007Kb
 bounds [0x0000000002e00000, 0x0000000006fa0000, 0x0000000011e00000]
 total_blobs=20343 nmethods=19368 adapters=886
 compilation: enabled

Compilation events (10 events):
Event: 8074.396 Thread 0x0000000016584800 25630 %     3       java.util.IdentityHashMap::containsKey @ 22 (55 bytes)
Event: 8074.397 Thread 0x0000000016584800 nmethod 25630% 0x0000000006f89b90 code [0x0000000006f89d40, 0x0000000006f8a228]
Event: 8074.433 Thread 0x0000000016584800 25632       2       com.android.tools.r8.ir.conversion.IRConverter$$Lambda$458/790705151::accept (14 bytes)
Event: 8074.434 Thread 0x0000000016584800 nmethod 25632 0x0000000006f89790 code [0x0000000006f89900, 0x0000000006f89aa8]
Event: 8074.434 Thread 0x0000000016584800 25633       2       com.android.tools.r8.ir.conversion.IRConverter$$Lambda$459/1274729211::accept (14 bytes)
Event: 8074.434 Thread 0x0000000016584800 nmethod 25633 0x0000000006f89390 code [0x0000000006f89500, 0x0000000006f896a8]
Event: 8074.457 Thread 0x0000000016584800 25635       2       com.android.tools.r8.it.unimi.dsi.fastutil.ints.AbstractIntCollection::toIntArray (6 bytes)
Event: 8074.458 Thread 0x0000000016584800 nmethod 25635 0x0000000006f88fd0 code [0x0000000006f89140, 0x0000000006f892c8]
Event: 8074.458 Thread 0x0000000016584800 25636       2       com.android.tools.r8.it.unimi.dsi.fastutil.ints.IntArrayList::toArray (36 bytes)
Event: 8074.458 Thread 0x0000000016584800 nmethod 25636 0x0000000006f88a90 code [0x0000000006f88c00, 0x0000000006f88ee8]

GC Heap History (10 events):
Event: 7782.418 GC heap before
{Heap before GC invocations=28 (full 4):
 PSYoungGen      total 473088K, used 444368K [0x00000000e0000000, 0x00000000ffd00000, 0x0000000100000000)
  eden space 425984K, 100% used [0x00000000e0000000,0x00000000fa000000,0x00000000fa000000)
  from space 47104K, 39% used [0x00000000fa000000,0x00000000fb1f4020,0x00000000fce00000)
  to   space 44544K, 0% used [0x00000000fd180000,0x00000000fd180000,0x00000000ffd00000)
 ParOldGen       total 201728K, used 99363K [0x00000000a0000000, 0x00000000ac500000, 0x00000000e0000000)
  object space 201728K, 49% used [0x00000000a0000000,0x00000000a6108fe0,0x00000000ac500000)
 Metaspace       used 91969K, capacity 98143K, committed 98264K, reserved 1134592K
  class space    used 11566K, capacity 12744K, committed 12800K, reserved 1048576K
Event: 7782.590 GC heap after
Heap after GC invocations=28 (full 4):
 PSYoungGen      total 475648K, used 22421K [0x00000000e0000000, 0x00000000ffb80000, 0x0000000100000000)
  eden space 432640K, 0% used [0x00000000e0000000,0x00000000e0000000,0x00000000fa680000)
  from space 43008K, 52% used [0x00000000fd180000,0x00000000fe765458,0x00000000ffb80000)
  to   space 43520K, 0% used [0x00000000fa680000,0x00000000fa680000,0x00000000fd100000)
 ParOldGen       total 201728K, used 99371K [0x00000000a0000000, 0x00000000ac500000, 0x00000000e0000000)
  object space 201728K, 49% used [0x00000000a0000000,0x00000000a610afe0,0x00000000ac500000)
 Metaspace       used 91969K, capacity 98143K, committed 98264K, reserved 1134592K
  class space    used 11566K, capacity 12744K, committed 12800K, reserved 1048576K
}
Event: 7793.180 GC heap before
{Heap before GC invocations=29 (full 4):
 PSYoungGen      total 475648K, used 455061K [0x00000000e0000000, 0x00000000ffb80000, 0x0000000100000000)
  eden space 432640K, 100% used [0x00000000e0000000,0x00000000fa680000,0x00000000fa680000)
  from space 43008K, 52% used [0x00000000fd180000,0x00000000fe765458,0x00000000ffb80000)
  to   space 43520K, 0% used [0x00000000fa680000,0x00000000fa680000,0x00000000fd100000)
 ParOldGen       total 201728K, used 99371K [0x00000000a0000000, 0x00000000ac500000, 0x00000000e0000000)
  object space 201728K, 49% used [0x00000000a0000000,0x00000000a610afe0,0x00000000ac500000)
 Metaspace       used 92105K, capacity 98335K, committed 98520K, reserved 1134592K
  class space    used 11566K, capacity 12744K, committed 12800K, reserved 1048576K
Event: 7793.231 GC heap after
Heap after GC invocations=29 (full 4):
 PSYoungGen      total 476160K, used 19592K [0x00000000e0000000, 0x00000000ffb80000, 0x0000000100000000)
  eden space 432640K, 0% used [0x00000000e0000000,0x00000000e0000000,0x00000000fa680000)
  from space 43520K, 45% used [0x00000000fa680000,0x00000000fb9a2390,0x00000000fd100000)
  to   space 40960K, 0% used [0x00000000fd380000,0x00000000fd380000,0x00000000ffb80000)
 ParOldGen       total 201728K, used 99379K [0x00000000a0000000, 0x00000000ac500000, 0x00000000e0000000)
  object space 201728K, 49% used [0x00000000a0000000,0x00000000a610cfe0,0x00000000ac500000)
 Metaspace       used 92105K, capacity 98335K, committed 98520K, reserved 1134592K
  class space    used 11566K, capacity 12744K, committed 12800K, reserved 1048576K
}
Event: 8068.089 GC heap before
{Heap before GC invocations=30 (full 4):
 PSYoungGen      total 476160K, used 452232K [0x00000000e0000000, 0x00000000ffb80000, 0x0000000100000000)
  eden space 432640K, 100% used [0x00000000e0000000,0x00000000fa680000,0x00000000fa680000)
  from space 43520K, 45% used [0x00000000fa680000,0x00000000fb9a2390,0x00000000fd100000)
  to   space 40960K, 0% used [0x00000000fd380000,0x00000000fd380000,0x00000000ffb80000)
 ParOldGen       total 201728K, used 99379K [0x00000000a0000000, 0x00000000ac500000, 0x00000000e0000000)
  object space 201728K, 49% used [0x00000000a0000000,0x00000000a610cfe0,0x00000000ac500000)
 Metaspace       used 92474K, capacity 98743K, committed 98904K, reserved 1134592K
  class space    used 11595K, capacity 12807K, committed 12928K, reserved 1048576K
Event: 8068.130 GC heap after
Heap after GC invocations=30 (full 4):
 PSYoungGen      total 478208K, used 26374K [0x00000000e0000000, 0x00000000ffe80000, 0x0000000100000000)
  eden space 437248K, 0% used [0x00000000e0000000,0x00000000e0000000,0x00000000fab00000)
  from space 40960K, 64% used [0x00000000fd380000,0x00000000fed41a00,0x00000000ffb80000)
  to   space 41472K, 0% used [0x00000000fab00000,0x00000000fab00000,0x00000000fd380000)
 ParOldGen       total 201728K, used 99379K [0x00000000a0000000, 0x00000000ac500000, 0x00000000e0000000)
  object space 201728K, 49% used [0x00000000a0000000,0x00000000a610cfe0,0x00000000ac500000)
 Metaspace       used 92474K, capacity 98743K, committed 98904K, reserved 1134592K
  class space    used 11595K, capacity 12807K, committed 12928K, reserved 1048576K
}
Event: 8071.127 GC heap before
{Heap before GC invocations=31 (full 4):
 PSYoungGen      total 478208K, used 463622K [0x00000000e0000000, 0x00000000ffe80000, 0x0000000100000000)
  eden space 437248K, 100% used [0x00000000e0000000,0x00000000fab00000,0x00000000fab00000)
  from space 40960K, 64% used [0x00000000fd380000,0x00000000fed41a00,0x00000000ffb80000)
  to   space 41472K, 0% used [0x00000000fab00000,0x00000000fab00000,0x00000000fd380000)
 ParOldGen       total 201728K, used 99379K [0x00000000a0000000, 0x00000000ac500000, 0x00000000e0000000)
  object space 201728K, 49% used [0x00000000a0000000,0x00000000a610cfe0,0x00000000ac500000)
 Metaspace       used 92965K, capacity 99365K, committed 99672K, reserved 1136640K
  class space    used 11631K, capacity 12844K, committed 12928K, reserved 1048576K
Event: 8071.235 GC heap after
Heap after GC invocations=31 (full 4):
 PSYoungGen      total 478720K, used 41451K [0x00000000e0000000, 0x0000000100000000, 0x0000000100000000)
  eden space 437248K, 0% used [0x00000000e0000000,0x00000000e0000000,0x00000000fab00000)
  from space 41472K, 99% used [0x00000000fab00000,0x00000000fd37ac00,0x00000000fd380000)
  to   space 45568K, 0% used [0x00000000fd380000,0x00000000fd380000,0x0000000100000000)
 ParOldGen       total 201728K, used 101523K [0x00000000a0000000, 0x00000000ac500000, 0x00000000e0000000)
  object space 201728K, 50% used [0x00000000a0000000,0x00000000a6324f50,0x00000000ac500000)
 Metaspace       used 92965K, capacity 99365K, committed 99672K, reserved 1136640K
  class space    used 11631K, capacity 12844K, committed 12928K, reserved 1048576K
}
Event: 8073.490 GC heap before
{Heap before GC invocations=32 (full 4):
 PSYoungGen      total 478720K, used 478699K [0x00000000e0000000, 0x0000000100000000, 0x0000000100000000)
  eden space 437248K, 100% used [0x00000000e0000000,0x00000000fab00000,0x00000000fab00000)
  from space 41472K, 99% used [0x00000000fab00000,0x00000000fd37ac00,0x00000000fd380000)
  to   space 45568K, 0% used [0x00000000fd380000,0x00000000fd380000,0x0000000100000000)
 ParOldGen       total 201728K, used 101523K [0x00000000a0000000, 0x00000000ac500000, 0x00000000e0000000)
  object space 201728K, 50% used [0x00000000a0000000,0x00000000a6324f50,0x00000000ac500000)
 Metaspace       used 93061K, capacity 99441K, committed 99672K, reserved 1136640K
  class space    used 11637K, capacity 12844K, committed 12928K, reserved 1048576K
Event: 8073.563 GC heap after
Heap after GC invocations=32 (full 4):
 PSYoungGen      total 463360K, used 42391K [0x00000000e0000000, 0x0000000100000000, 0x0000000100000000)
  eden space 417792K, 0% used [0x00000000e0000000,0x00000000e0000000,0x00000000f9800000)
  from space 45568K, 93% used [0x00000000fd380000,0x00000000ffce5dc0,0x0000000100000000)
  to   space 53248K, 0% used [0x00000000f9800000,0x00000000f9800000,0x00000000fcc00000)
 ParOldGen       total 201728K, used 101879K [0x00000000a0000000, 0x00000000ac500000, 0x00000000e0000000)
  object space 201728K, 50% used [0x00000000a0000000,0x00000000a637df60,0x00000000ac500000)
 Metaspace       used 93061K, capacity 99441K, committed 99672K, reserved 1136640K
  class space    used 11637K, capacity 12844K, committed 12928K, reserved 1048576K
}

Deoptimization events (10 events):
Event: 8072.657 Thread 0x000000001a9fa000 Uncommon trap: reason=bimorphic action=maybe_recompile pc=0x00000000061afca0 method=com.android.tools.r8.ir.analysis.constant.SparseConditionalConstantPropagation.visitInstruction(Lcom/android/tools/r8/ir/code/Instruction;)V @ 40
Event: 8072.657 Thread 0x000000001a9fa000 Uncommon trap: reason=bimorphic action=maybe_recompile pc=0x00000000061afca0 method=com.android.tools.r8.ir.analysis.constant.SparseConditionalConstantPropagation.visitInstruction(Lcom/android/tools/r8/ir/code/Instruction;)V @ 40
Event: 8073.152 Thread 0x000000001a9fa000 Uncommon trap: reason=unstable_if action=reinterpret pc=0x0000000006f50678 method=com.android.tools.r8.ir.code.Value.isDead(Lcom/android/tools/r8/utils/InternalOptions;Ljava/util/Set;)Z @ 103
Event: 8073.303 Thread 0x000000001a9fa000 Uncommon trap: reason=array_check action=maybe_recompile pc=0x000000000597a914 method=java.util.TimSort.mergeHi(IIII)V @ 524
Event: 8073.303 Thread 0x000000001a9fa000 Uncommon trap: reason=array_check action=maybe_recompile pc=0x000000000597a914 method=java.util.TimSort.mergeHi(IIII)V @ 524
Event: 8073.303 Thread 0x000000001a9fa000 Uncommon trap: reason=array_check action=maybe_recompile pc=0x0000000006f46650 method=java.util.TimSort.mergeLo(IIII)V @ 375
Event: 8073.303 Thread 0x000000001a9fa000 Uncommon trap: reason=array_check action=maybe_recompile pc=0x0000000006f46650 method=java.util.TimSort.mergeLo(IIII)V @ 375
Event: 8073.972 Thread 0x000000001a9f9800 Uncommon trap: reason=unstable_if action=reinterpret pc=0x0000000006e1061c method=com.android.tools.r8.it.unimi.dsi.fastutil.ints.Int2ReferenceOpenHashMap$MapEntrySet.contains(Ljava/lang/Object;)Z @ 92
Event: 8074.156 Thread 0x000000001a9f5000 Uncommon trap: reason=unstable_if action=reinterpret pc=0x000000000327dad4 method=java.util.concurrent.ConcurrentHashMap.addCount(JI)V @ 168
Event: 8074.156 Thread 0x000000001a9f5000 Uncommon trap: reason=unstable_if action=reinterpret pc=0x0000000003289c74 method=java.util.concurrent.ConcurrentHashMap.transfer([Ljava/util/concurrent/ConcurrentHashMap$Node;[Ljava/util/concurrent/ConcurrentHashMap$Node;)V @ 34

Classes redefined (0 events):
No events

Internal exceptions (10 events):
Event: 8068.218 Thread 0x000000002153a800 Exception <a 'sun/nio/fs/WindowsException'> (0x00000000e0f26240) thrown at [D:\src\AOSP-openjdk-cygwin\jdk8u\hotspot\src\share\vm\prims\jni.cpp, line 709]
Event: 8068.218 Thread 0x000000002153a800 Exception <a 'sun/nio/fs/WindowsException'> (0x00000000e0f26e58) thrown at [D:\src\AOSP-openjdk-cygwin\jdk8u\hotspot\src\share\vm\prims\jni.cpp, line 709]
Event: 8068.219 Thread 0x000000002153a800 Exception <a 'sun/nio/fs/WindowsException'> (0x00000000e0f28f08) thrown at [D:\src\AOSP-openjdk-cygwin\jdk8u\hotspot\src\share\vm\prims\jni.cpp, line 709]
Event: 8068.222 Thread 0x000000002153a800 Exception <a 'sun/nio/fs/WindowsException'> (0x00000000e0f51820) thrown at [D:\src\AOSP-openjdk-cygwin\jdk8u\hotspot\src\share\vm\prims\jni.cpp, line 709]
Event: 8068.222 Thread 0x000000002153a800 Exception <a 'sun/nio/fs/WindowsException'> (0x00000000e0f52438) thrown at [D:\src\AOSP-openjdk-cygwin\jdk8u\hotspot\src\share\vm\prims\jni.cpp, line 709]
Event: 8068.222 Thread 0x000000002153a800 Exception <a 'sun/nio/fs/WindowsException'> (0x00000000e0f544e8) thrown at [D:\src\AOSP-openjdk-cygwin\jdk8u\hotspot\src\share\vm\prims\jni.cpp, line 709]
Event: 8068.228 Thread 0x000000002153a800 Exception <a 'sun/nio/fs/WindowsException'> (0x00000000e0f7ecf0) thrown at [D:\src\AOSP-openjdk-cygwin\jdk8u\hotspot\src\share\vm\prims\jni.cpp, line 709]
Event: 8068.228 Thread 0x000000002153a800 Exception <a 'sun/nio/fs/WindowsException'> (0x00000000e0f7f908) thrown at [D:\src\AOSP-openjdk-cygwin\jdk8u\hotspot\src\share\vm\prims\jni.cpp, line 709]
Event: 8068.228 Thread 0x000000002153a800 Exception <a 'sun/nio/fs/WindowsException'> (0x00000000e0f819b8) thrown at [D:\src\AOSP-openjdk-cygwin\jdk8u\hotspot\src\share\vm\prims\jni.cpp, line 709]
Event: 8069.172 Thread 0x000000001a9fb000 Implicit null exception at 0x000000000696672a to 0x000000000696a78d

Events (10 events):
Event: 8074.156 Thread 0x000000001a9f5000 DEOPT PACKING pc=0x0000000003289c74 sp=0x000000004003e3e0
Event: 8074.157 Thread 0x000000001a9f5000 DEOPT UNPACKING pc=0x0000000002e4557b sp=0x000000004003e388 mode 2
Event: 8074.324 Thread 0x000000001c61f000 DEOPT PACKING pc=0x00000000050e01ff sp=0x000000003f33ea50
Event: 8074.324 Thread 0x000000001c61f000 DEOPT UNPACKING pc=0x0000000002e471d0 sp=0x000000003f33e768 mode 0
Event: 8074.483 loading class com/android/tools/r8/graph/DexDebugEvent$SetInlineFrame
Event: 8074.483 loading class com/android/tools/r8/graph/DexDebugEvent$SetInlineFrame done
Event: 8074.484 loading class com/android/tools/r8/graph/DexDebugEvent$SetInlineFrame
Event: 8074.484 loading class com/android/tools/r8/graph/DexDebugEvent$SetInlineFrame done
Event: 8074.484 loading class com/android/tools/r8/graph/DexDebugEvent$SetInlineFrame
Event: 8074.484 loading class com/android/tools/r8/graph/DexDebugEvent$SetInlineFrame done


Dynamic libraries:
0x00007ff71bf10000 - 0x00007ff71bf41000 	D:\Android Studio\jre\bin\java.exe
0x00007ffd6f940000 - 0x00007ffd6fb11000 	C:\Windows\SYSTEM32\ntdll.dll
0x00007ffd6d640000 - 0x00007ffd6d6eb000 	C:\Windows\System32\KERNEL32.DLL
0x00007ffd6cbb0000 - 0x00007ffd6cdcd000 	C:\Windows\System32\KERNELBASE.dll
0x00007ffd6d9d0000 - 0x00007ffd6da72000 	C:\Windows\System32\ADVAPI32.dll
0x00007ffd6f7a0000 - 0x00007ffd6f83e000 	C:\Windows\System32\msvcrt.dll
0x00007ffd6f4b0000 - 0x00007ffd6f509000 	C:\Windows\System32\sechost.dll
0x00007ffd6f380000 - 0x00007ffd6f4a1000 	C:\Windows\System32\RPCRT4.dll
0x00007ffd6f160000 - 0x00007ffd6f2c5000 	C:\Windows\System32\USER32.dll
0x00007ffd6ca00000 - 0x00007ffd6ca1e000 	C:\Windows\System32\win32u.dll
0x00007ffd6f2d0000 - 0x00007ffd6f304000 	C:\Windows\System32\GDI32.dll
0x00007ffd6ca20000 - 0x00007ffd6cba2000 	C:\Windows\System32\gdi32full.dll
0x00007ffd669c0000 - 0x00007ffd66c39000 	C:\Windows\WinSxS\amd64_microsoft.windows.common-controls_6595b64144ccf1df_6.0.14393.0_none_2d0f50fcbdb171b8\COMCTL32.dll
0x00007ffd6cee0000 - 0x00007ffd6d1a7000 	C:\Windows\System32\combase.dll
0x00007ffd6c000000 - 0x00007ffd6c0f5000 	C:\Windows\System32\ucrtbase.dll
0x00007ffd6c990000 - 0x00007ffd6c9fa000 	C:\Windows\System32\bcryptPrimitives.dll
0x00007ffd6f090000 - 0x00007ffd6f0be000 	C:\Windows\System32\IMM32.DLL
0x0000000068670000 - 0x0000000068742000 	D:\Android Studio\jre\jre\bin\msvcr100.dll
0x0000000067a20000 - 0x000000006825f000 	D:\Android Studio\jre\jre\bin\server\jvm.dll
0x00007ffd6ced0000 - 0x00007ffd6ced8000 	C:\Windows\System32\PSAPI.DLL
0x00007ffd67400000 - 0x00007ffd67409000 	C:\Windows\SYSTEM32\WSOCK32.dll
0x00007ffd6da80000 - 0x00007ffd6daea000 	C:\Windows\System32\WS2_32.dll
0x00007ffd69a70000 - 0x00007ffd69a93000 	C:\Windows\SYSTEM32\WINMM.dll
0x00007ffd67d80000 - 0x00007ffd67d8a000 	C:\Windows\SYSTEM32\VERSION.dll
0x00007ffd69a10000 - 0x00007ffd69a3b000 	C:\Windows\SYSTEM32\WINMMBASE.dll
0x00007ffd6cdd0000 - 0x00007ffd6ce12000 	C:\Windows\System32\cfgmgr32.dll
0x00007ffd67040000 - 0x00007ffd6704f000 	D:\Android Studio\jre\jre\bin\verify.dll
0x00007ffd67010000 - 0x00007ffd67039000 	D:\Android Studio\jre\jre\bin\java.dll
0x00007ffd66ff0000 - 0x00007ffd67006000 	D:\Android Studio\jre\jre\bin\zip.dll
0x00007ffd6db10000 - 0x00007ffd6f018000 	C:\Windows\System32\SHELL32.dll
0x00007ffd6c2b0000 - 0x00007ffd6c98a000 	C:\Windows\System32\windows.storage.dll
0x00007ffd6bdb0000 - 0x00007ffd6bdfc000 	C:\Windows\System32\powrprof.dll
0x00007ffd6f030000 - 0x00007ffd6f082000 	C:\Windows\System32\shlwapi.dll
0x00007ffd6bda0000 - 0x00007ffd6bdaf000 	C:\Windows\System32\kernel.appcore.dll
0x00007ffd6ce20000 - 0x00007ffd6cec9000 	C:\Windows\System32\shcore.dll
0x00007ffd6be00000 - 0x00007ffd6be14000 	C:\Windows\System32\profapi.dll
0x00007ffd66fd0000 - 0x00007ffd66fea000 	D:\Android Studio\jre\jre\bin\net.dll
0x00007ffd6b4f0000 - 0x00007ffd6b54c000 	C:\Windows\system32\mswsock.dll
0x00007ffd66fb0000 - 0x00007ffd66fc1000 	D:\Android Studio\jre\jre\bin\nio.dll
0x00007ffd66f30000 - 0x00007ffd66f4e000 	C:\Users\Narding\.gradle\native\25\windows-amd64\native-platform.dll
0x00007ffd66f50000 - 0x00007ffd66f5d000 	D:\Android Studio\jre\jre\bin\management.dll
0x00007ffd6b870000 - 0x00007ffd6b887000 	C:\Windows\SYSTEM32\CRYPTSP.dll
0x00007ffd6b6b0000 - 0x00007ffd6b6e3000 	C:\Windows\system32\rsaenh.dll
0x00007ffd6b980000 - 0x00007ffd6b9ab000 	C:\Windows\SYSTEM32\bcrypt.dll
0x00007ffd6b750000 - 0x00007ffd6b76f000 	C:\Windows\SYSTEM32\USERENV.dll
0x00007ffd6b890000 - 0x00007ffd6b89b000 	C:\Windows\SYSTEM32\CRYPTBASE.dll
0x00007ffd6b2a0000 - 0x00007ffd6b2d8000 	C:\Windows\SYSTEM32\IPHLPAPI.DLL
0x00007ffd6f6d0000 - 0x00007ffd6f6d8000 	C:\Windows\System32\NSI.dll
0x00007ffd64d80000 - 0x00007ffd64d96000 	C:\Windows\SYSTEM32\dhcpcsvc6.DLL
0x00007ffd64c20000 - 0x00007ffd64c3a000 	C:\Windows\SYSTEM32\dhcpcsvc.DLL
0x00007ffd51940000 - 0x00007ffd51ad6000 	D:\Android Studio\jre\jre\bin\awt.dll
0x00007ffd6f6e0000 - 0x00007ffd6f79f000 	C:\Windows\System32\OLEAUT32.dll
0x00007ffd6c100000 - 0x00007ffd6c19c000 	C:\Windows\System32\msvcp_win.dll
0x00007ffd67810000 - 0x00007ffd67d6f000 	C:\Windows\SYSTEM32\d2d1.dll
0x00007ffd6be30000 - 0x00007ffd6bff8000 	C:\Windows\System32\CRYPT32.dll
0x00007ffd6be20000 - 0x00007ffd6be30000 	C:\Windows\System32\MSASN1.dll
0x00007ffd6a350000 - 0x00007ffd6a3ca000 	C:\Windows\SYSTEM32\apphelp.dll
0x00007ffd69d90000 - 0x00007ffd69db6000 	C:\Windows\system32\DWMAPI.DLL
0x00007ffd6a530000 - 0x00007ffd6a5c5000 	C:\Windows\system32\uxtheme.dll
0x00007ffd6b1b0000 - 0x00007ffd6b1e2000 	C:\Windows\SYSTEM32\ntmarta.dll
0x00007ffd5d9f0000 - 0x00007ffd5db82000 	C:\Windows\SYSTEM32\dbghelp.dll

VM Arguments:
jvm_args: -Xmx1536m -Dfile.encoding=windows-1252 -Duser.country=US -Duser.language=en -Duser.variant 
java_command: org.gradle.launcher.daemon.bootstrap.GradleDaemon 4.4
java_class_path (initial): C:\Users\Narding\.gradle\wrapper\dists\gradle-4.4-all\9br9xq1tocpiv8o6njlyu5op1\gradle-4.4\lib\gradle-launcher-4.4.jar
Launcher Type: SUN_STANDARD

Environment Variables:
PATH=C:\ProgramData\Oracle\Java\javapath;C:\Windows\system32;C:\Windows;C:\Windows\System32\Wbem;C:\Windows\System32\WindowsPowerShell\v1.0\;C:\Program Files\Git\cmd;C:\Users\Narding\AppData\Local\Microsoft\WindowsApps;;C:\Program Files\Microsoft VS Code\bin
USERNAME=Narding
OS=Windows_NT
PROCESSOR_IDENTIFIER=Intel64 Family 6 Model 58 Stepping 9, GenuineIntel



---------------  S Y S T E M  ---------------

OS: Windows 10.0 , 64 bit Build 14393 (10.0.14393.0)

CPU:total 2 (initial active 2) (2 cores per cpu, 1 threads per core) family 6 model 58 stepping 9, cmov, cx8, fxsr, mmx, sse, sse2, sse3, ssse3, sse4.1, sse4.2, popcnt, clmul, erms, tsc, tscinvbit, tscinv

Memory: 4k page, physical 8353672k(2827796k free), swap 9664392k(2897704k free)

vm_info: OpenJDK 64-Bit Server VM (25.152-b02) for windows-amd64 JRE (1.8.0_152-release-1024-b02), built by "builder" with MS VC++ 10.0 (VS2010)

time: Tue May 15 22:52:09 2018
elapsed time: 8074 seconds (0d 2h 14m 34s)

