#
# A fatal error has been detected by the Java Runtime Environment:
#
#  EXCEPTION_ACCESS_VIOLATION (0xc0000005) at pc=0x0000000067aaaa30, pid=6616, tid=0x0000000000000adc
#
# JRE version: OpenJDK Runtime Environment (8.0_152-b02) (build 1.8.0_152-release-1024-b02)
# Java VM: OpenJDK 64-Bit Server VM (25.152-b02 mixed mode windows-amd64 compressed oops)
# Problematic frame:
# V  [jvm.dll+0x8aa30]
#
# Failed to write core dump. Minidumps are not enabled by default on client versions of Windows
#
# If you would like to submit a bug report, please visit:
#   http://bugreport.java.com/bugreport/crash.jsp
#

---------------  T H R E A D  ---------------

Current thread (0x00000000023c8800):  GCTaskThread [stack: 0x0000000011e80000,0x0000000011f80000] [id=2780]

siginfo: ExceptionCode=0xc0000005, reading address 0x0000000000000008

Registers:
RAX=0x0000000000000000, RBX=0x00000000e324b058, RCX=0x00000000e324b058, RDX=0x0000000000000000
RSP=0x0000000011f7f528, RBP=0x0000000000000000, RSI=0x0000000015b8a680, RDI=0x0000000015b8a680
R8 =0x0000000015b8a680, R9 =0x000000000000001e, R10=0x0000000000000008, R11=0x00000000f88200e8
R12=0x0000000068008ed0, R13=0x0000000000000000, R14=0x0000000000000000, R15=0x00000000023c8d10
RIP=0x0000000067aaaa30, EFLAGS=0x0000000000010246

Top of Stack: (sp=0x0000000011f7f528)
0x0000000011f7f528:   0000000067decc82 00000000f3214608
0x0000000011f7f538:   0000000000000006 0000000015b8a680
0x0000000011f7f548:   0000000067dedb95 00000000f88180f8
0x0000000011f7f558:   0000000000001000 00000000521da528
0x0000000011f7f568:   00000000521da52c 0000000000000000
0x0000000011f7f578:   00000000023c2c00 0000000068008ed0
0x0000000011f7f588:   0000000067decff0 00000000f881b5f8
0x0000000011f7f598:   0000000000000000 0000000015b8a680
0x0000000011f7f5a8:   0000000015b8a680 00000000f881b5f8
0x0000000011f7f5b8:   0000000067dedb95 00000000f4c0f6e0
0x0000000011f7f5c8:   0000000000000000 0000000015b8a680
0x0000000011f7f5d8:   00000000a4a26868 00000000a4a26800
0x0000000011f7f5e8:   03030000fffffcff 0303030303030303
0x0000000011f7f5f8:   0000030303030303 00000000023c8d00
0x0000000011f7f608:   000000001b999000 0000000068035f01
0x0000000011f7f618:   0000000067c0fa01 0000ec019f67f4f9 

Instructions: (pc=0x0000000067aaaa30)
0x0000000067aaaa10:   6c 4e 1d 00 48 8b 9c 24 c0 00 00 00 48 81 c4 b0
0x0000000067aaaa20:   00 00 00 5d c3 cc cc cc cc cc cc cc cc cc cc cc
0x0000000067aaaa30:   44 8b 42 08 4c 8b ca 45 85 c0 7e 0e 41 f6 c0 01
0x0000000067aaaa40:   75 57 41 c1 f8 03 41 8b c0 c3 79 4d 80 3d 7e fe 


Register to memory mapping:

RAX=0x0000000000000000 is an unknown value
RBX=0x00000000e324b058 is an unknown value
RCX=0x00000000e324b058 is an unknown value
RDX=0x0000000000000000 is an unknown value
RSP=0x0000000011f7f528 is an unknown value
RBP=0x0000000000000000 is an unknown value
RSI=0x0000000015b8a680 is an unknown value
RDI=0x0000000015b8a680 is an unknown value
R8 =0x0000000015b8a680 is an unknown value
R9 =0x000000000000001e is an unknown value
R10=0x0000000000000008 is an unknown value
R11=0x00000000f88200e8 is an oop

[error occurred during error reporting (printing register info), id 0xc0000005]

Stack: [0x0000000011e80000,0x0000000011f80000],  sp=0x0000000011f7f528,  free space=1021k
Native frames: (J=compiled Java code, j=interpreted, Vv=VM code, C=native code)


---------------  P R O C E S S  ---------------

Java Threads: ( => current thread )
  0x000000001de52800 JavaThread "pool-56-thread-1" [_thread_blocked, id=3696, stack(0x0000000053ae0000,0x0000000053be0000)]
  0x000000001de56800 JavaThread "ForkJoinPool.commonPool-worker-1" daemon [_thread_blocked, id=5056, stack(0x00000000539e0000,0x0000000053ae0000)]
  0x000000001b995000 JavaThread "Task worker for ':'" [_thread_blocked, id=2212, stack(0x0000000052ae0000,0x0000000052be0000)]
  0x000000001b99c000 JavaThread "Cache worker for Build Output Cleanup Cache (D:\LaCostaZamboanga\.gradle\buildOutputCleanup)" [_thread_blocked, id=7788, stack(0x00000000529e0000,0x0000000052ae0000)]
  0x000000001b99a800 JavaThread "Cache worker for task history cache (D:\LaCostaZamboanga\.gradle\4.4\taskHistory)" [_thread_blocked, id=7968, stack(0x00000000528e0000,0x00000000529e0000)]
  0x000000001b999800 JavaThread "Cache worker for file content cache (D:\LaCostaZamboanga\.gradle\4.4\fileContent)" [_thread_blocked, id=6208, stack(0x00000000527e0000,0x00000000528e0000)]
  0x000000001b99b000 JavaThread "build operations Thread 2" [_thread_blocked, id=7416, stack(0x00000000526e0000,0x00000000527e0000)]
  0x000000001b993000 JavaThread "build operations" [_thread_blocked, id=7004, stack(0x00000000525e0000,0x00000000526e0000)]
  0x000000001b992000 JavaThread "Cache worker for Artifact transforms cache (C:\Users\Narding\.gradle\caches\transforms-1)" [_thread_blocked, id=1128, stack(0x00000000524e0000,0x00000000525e0000)]
  0x000000001b998000 JavaThread "Cache worker for file hash cache (D:\LaCostaZamboanga\.gradle\4.4\fileHashes)" [_thread_blocked, id=4732, stack(0x00000000523e0000,0x00000000524e0000)]
  0x000000001b996000 JavaThread "Stdin handler" [_thread_blocked, id=4972, stack(0x00000000522e0000,0x00000000523e0000)]
  0x000000001b993800 JavaThread "Asynchronous log dispatcher for DefaultDaemonConnection: socket connection from /127.0.0.1:18695 to /127.0.0.1:31251" [_thread_blocked, id=1728, stack(0x00000000521e0000,0x00000000522e0000)]
  0x000000001b999000 JavaThread "Daemon worker Thread 18" [_thread_blocked, id=3524, stack(0x00000000520e0000,0x00000000521e0000)]
  0x000000001b996800 JavaThread "Cancel handler" [_thread_blocked, id=2292, stack(0x0000000051fe0000,0x00000000520e0000)]
  0x000000001b994800 JavaThread "Handler for socket connection from /127.0.0.1:18695 to /127.0.0.1:31251" [_thread_in_native, id=6136, stack(0x0000000051ee0000,0x0000000051fe0000)]
  0x000000001b991800 JavaThread "Daemon Thread 18" [_thread_blocked, id=5764, stack(0x0000000051de0000,0x0000000051ee0000)]
  0x000000001a56f800 JavaThread "Java2D Disposer" daemon [_thread_blocked, id=7192, stack(0x0000000022a10000,0x0000000022b10000)]
  0x000000001a55f800 JavaThread "Memory manager" [_thread_blocked, id=2252, stack(0x000000001eb40000,0x000000001ec40000)]
  0x000000001868e000 JavaThread "File lock request listener" [_thread_in_native, id=6784, stack(0x000000001a210000,0x000000001a310000)]
  0x00000000185e0800 JavaThread "Cache worker for file hash cache (C:\Users\Narding\.gradle\caches\4.4\fileHashes)" [_thread_blocked, id=7336, stack(0x000000001a110000,0x000000001a210000)]
  0x00000000181d7000 JavaThread "Daemon periodic checks" [_thread_blocked, id=1980, stack(0x0000000019610000,0x0000000019710000)]
  0x00000000181ca000 JavaThread "Incoming local TCP Connector on port 18695" [_thread_in_native, id=4660, stack(0x0000000019110000,0x0000000019210000)]
  0x0000000015c42000 JavaThread "Service Thread" daemon [_thread_blocked, id=1904, stack(0x0000000016e00000,0x0000000016f00000)]
  0x0000000015c30000 JavaThread "C1 CompilerThread1" daemon [_thread_blocked, id=4432, stack(0x0000000016d00000,0x0000000016e00000)]
  0x0000000015bd2800 JavaThread "C2 CompilerThread0" daemon [_thread_blocked, id=2380, stack(0x0000000016c00000,0x0000000016d00000)]
  0x0000000015be2000 JavaThread "Attach Listener" daemon [_thread_blocked, id=2088, stack(0x0000000016b00000,0x0000000016c00000)]
  0x0000000015bdf000 JavaThread "Signal Dispatcher" daemon [_thread_blocked, id=6536, stack(0x0000000016a00000,0x0000000016b00000)]
  0x0000000015bb9800 JavaThread "Finalizer" daemon [_thread_blocked, id=196, stack(0x0000000016810000,0x0000000016910000)]
  0x0000000015b95000 JavaThread "Reference Handler" daemon [_thread_blocked, id=1200, stack(0x0000000016710000,0x0000000016810000)]
  0x00000000023b0800 JavaThread "main" [_thread_blocked, id=3900, stack(0x00000000021b0000,0x00000000022b0000)]

Other Threads:
  0x0000000015b8c800 VMThread [stack: 0x0000000016610000,0x0000000016710000] [id=584]
  0x0000000015c37800 WatcherThread [stack: 0x0000000016f00000,0x0000000017000000] [id=6996]

=>0x00000000023c8800 (exited) GCTaskThread [stack: 0x0000000011e80000,0x0000000011f80000] [id=2780]

VM state:at safepoint (normal execution)

VM Mutex/Monitor currently owned by a thread:  ([mutex/lock_event])
[0x00000000021acbd0] Threads_lock - owner thread: 0x0000000015b8c800
[0x00000000021acc50] Heap_lock - owner thread: 0x000000001b999000

Heap:
 PSYoungGen      total 456704K, used 411056K [0x00000000e0000000, 0x00000000ff880000, 0x0000000100000000)
  eden space 395264K, 99% used [0x00000000e0000000,0x00000000f81bd958,0x00000000f8200000)
  from space 61440K, 26% used [0x00000000fbc00000,0x00000000fcbae7e0,0x00000000ff800000)
  to   space 59392K, 12% used [0x00000000f8200000,0x00000000f89500f8,0x00000000fbc00000)
 ParOldGen       total 217088K, used 75968K [0x00000000a0000000, 0x00000000ad400000, 0x00000000e0000000)
  object space 217088K, 34% used [0x00000000a0000000,0x00000000a4a30070,0x00000000ad400000)
 Metaspace       used 91179K, capacity 97486K, committed 97752K, reserved 1134592K
  class space    used 11355K, capacity 12519K, committed 12544K, reserved 1048576K

Card table byte_map: [0x0000000011870000,0x0000000011b80000] byte_map_base: 0x0000000011370000

Marking Bits: (ParMarkBitMap*) 0x00000000681e4970
 Begin Bits: [0x0000000011f80000, 0x0000000013780000)
 End Bits:   [0x0000000013780000, 0x0000000014f80000)

Polling page: 0x0000000000960000

CodeCache: size=245760Kb used=74285Kb max_used=74285Kb free=171474Kb
 bounds [0x00000000024b0000, 0x0000000006de0000, 0x00000000114b0000]
 total_blobs=21365 nmethods=20411 adapters=866
 compilation: enabled

Compilation events (10 events):
Event: 12895.600 Thread 0x0000000015bd2800 28689       4       java.util.function.Predicate$$Lambda$624/1256444596::test (13 bytes)
Event: 12895.607 Thread 0x0000000015bd2800 nmethod 28689 0x0000000004651a50 code [0x0000000004651be0, 0x00000000046520f8]
Event: 12895.706 Thread 0x0000000015bd2800 28690       4       com.android.apksig.DefaultApkSignerEngine$GetJarEntryDataDigestRequest::access$500 (5 bytes)
Event: 12895.708 Thread 0x0000000015bd2800 nmethod 28690 0x0000000003ad8190 code [0x0000000003ad82e0, 0x0000000003ad86f8]
Event: 12895.711 Thread 0x0000000015c30000 28691       3       com.android.apksig.internal.asn1.Asn1DerEncoder$$Lambda$630/713402688::compare (12 bytes)
Event: 12895.711 Thread 0x0000000015c30000 nmethod 28691 0x00000000040ac8d0 code [0x00000000040aca80, 0x00000000040ad058]
Event: 12895.713 Thread 0x0000000015c30000 28693       3       com.android.apksig.internal.asn1.Asn1DerEncoder::createTag (408 bytes)
Event: 12895.714 Thread 0x0000000015c30000 nmethod 28693 0x00000000065cf7d0 code [0x00000000065cfa20, 0x00000000065d0bc8]
Event: 12895.715 Thread 0x0000000015c30000 28692       3       com.android.apksig.internal.asn1.Asn1DerEncoder::lambda$toSequence$0 (20 bytes)
Event: 12895.716 Thread 0x0000000015c30000 nmethod 28692 0x0000000005a51bd0 code [0x0000000005a51dc0, 0x0000000005a52878]

GC Heap History (10 events):
Event: 10367.186 GC heap after
Heap after GC invocations=50 (full 4):
 PSYoungGen      total 431104K, used 23299K [0x00000000e0000000, 0x00000000ff080000, 0x0000000100000000)
  eden space 361472K, 0% used [0x00000000e0000000,0x00000000e0000000,0x00000000f6100000)
  from space 69632K, 33% used [0x00000000fa200000,0x00000000fb8c0d50,0x00000000fe600000)
  to   space 66560K, 0% used [0x00000000f6100000,0x00000000f6100000,0x00000000fa200000)
 ParOldGen       total 217088K, used 68298K [0x00000000a0000000, 0x00000000ad400000, 0x00000000e0000000)
  object space 217088K, 31% used [0x00000000a0000000,0x00000000a42b2a08,0x00000000ad400000)
 Metaspace       used 90881K, capacity 97084K, committed 97240K, reserved 1134592K
  class space    used 11326K, capacity 12466K, committed 12544K, reserved 1048576K
}
Event: 10367.244 GC heap before
{Heap before GC invocations=51 (full 4):
 PSYoungGen      total 431104K, used 384267K [0x00000000e0000000, 0x00000000ff080000, 0x0000000100000000)
  eden space 361472K, 99% used [0x00000000e0000000,0x00000000f6082078,0x00000000f6100000)
  from space 69632K, 33% used [0x00000000fa200000,0x00000000fb8c0d50,0x00000000fe600000)
  to   space 66560K, 0% used [0x00000000f6100000,0x00000000f6100000,0x00000000fa200000)
 ParOldGen       total 217088K, used 68298K [0x00000000a0000000, 0x00000000ad400000, 0x00000000e0000000)
  object space 217088K, 31% used [0x00000000a0000000,0x00000000a42b2a08,0x00000000ad400000)
 Metaspace       used 90881K, capacity 97084K, committed 97240K, reserved 1134592K
  class space    used 11326K, capacity 12466K, committed 12544K, reserved 1048576K
Event: 10367.296 GC heap after
Heap after GC invocations=51 (full 4):
 PSYoungGen      total 428032K, used 10852K [0x00000000e0000000, 0x00000000ffc00000, 0x0000000100000000)
  eden space 361472K, 0% used [0x00000000e0000000,0x00000000e0000000,0x00000000f6100000)
  from space 66560K, 16% used [0x00000000f6100000,0x00000000f6b99310,0x00000000fa200000)
  to   space 66048K, 0% used [0x00000000fbb80000,0x00000000fbb80000,0x00000000ffc00000)
 ParOldGen       total 217088K, used 74824K [0x00000000a0000000, 0x00000000ad400000, 0x00000000e0000000)
  object space 217088K, 34% used [0x00000000a0000000,0x00000000a4912010,0x00000000ad400000)
 Metaspace       used 90881K, capacity 97084K, committed 97240K, reserved 1134592K
  class space    used 11326K, capacity 12466K, committed 12544K, reserved 1048576K
}
Event: 12588.877 GC heap before
{Heap before GC invocations=52 (full 4):
 PSYoungGen      total 428032K, used 372324K [0x00000000e0000000, 0x00000000ffc00000, 0x0000000100000000)
  eden space 361472K, 100% used [0x00000000e0000000,0x00000000f6100000,0x00000000f6100000)
  from space 66560K, 16% used [0x00000000f6100000,0x00000000f6b99310,0x00000000fa200000)
  to   space 66048K, 0% used [0x00000000fbb80000,0x00000000fbb80000,0x00000000ffc00000)
 ParOldGen       total 217088K, used 74824K [0x00000000a0000000, 0x00000000ad400000, 0x00000000e0000000)
  object space 217088K, 34% used [0x00000000a0000000,0x00000000a4912010,0x00000000ad400000)
 Metaspace       used 90920K, capacity 97160K, committed 97240K, reserved 1134592K
  class space    used 11328K, capacity 12468K, committed 12544K, reserved 1048576K
Event: 12588.935 GC heap after
Heap after GC invocations=52 (full 4):
 PSYoungGen      total 455168K, used 9712K [0x00000000e0000000, 0x00000000ffd80000, 0x0000000100000000)
  eden space 389120K, 0% used [0x00000000e0000000,0x00000000e0000000,0x00000000f7c00000)
  from space 66048K, 14% used [0x00000000fbb80000,0x00000000fc4fc050,0x00000000ffc00000)
  to   space 65024K, 0% used [0x00000000f7c00000,0x00000000f7c00000,0x00000000fbb80000)
 ParOldGen       total 217088K, used 75540K [0x00000000a0000000, 0x00000000ad400000, 0x00000000e0000000)
  object space 217088K, 34% used [0x00000000a0000000,0x00000000a49c5040,0x00000000ad400000)
 Metaspace       used 90920K, capacity 97160K, committed 97240K, reserved 1134592K
  class space    used 11328K, capacity 12468K, committed 12544K, reserved 1048576K
}
Event: 12596.433 GC heap before
{Heap before GC invocations=53 (full 4):
 PSYoungGen      total 455168K, used 398728K [0x00000000e0000000, 0x00000000ffd80000, 0x0000000100000000)
  eden space 389120K, 99% used [0x00000000e0000000,0x00000000f7be6380,0x00000000f7c00000)
  from space 66048K, 14% used [0x00000000fbb80000,0x00000000fc4fc050,0x00000000ffc00000)
  to   space 65024K, 0% used [0x00000000f7c00000,0x00000000f7c00000,0x00000000fbb80000)
 ParOldGen       total 217088K, used 75540K [0x00000000a0000000, 0x00000000ad400000, 0x00000000e0000000)
  object space 217088K, 34% used [0x00000000a0000000,0x00000000a49c5040,0x00000000ad400000)
 Metaspace       used 90983K, capacity 97234K, committed 97496K, reserved 1134592K
  class space    used 11329K, capacity 12469K, committed 12544K, reserved 1048576K
Event: 12596.504 GC heap after
Heap after GC invocations=53 (full 4):
 PSYoungGen      total 454144K, used 22961K [0x00000000e0000000, 0x00000000ff800000, 0x0000000100000000)
  eden space 389120K, 0% used [0x00000000e0000000,0x00000000e0000000,0x00000000f7c00000)
  from space 65024K, 35% used [0x00000000f7c00000,0x00000000f926c6a0,0x00000000fbb80000)
  to   space 61440K, 0% used [0x00000000fbc00000,0x00000000fbc00000,0x00000000ff800000)
 ParOldGen       total 217088K, used 75920K [0x00000000a0000000, 0x00000000ad400000, 0x00000000e0000000)
  object space 217088K, 34% used [0x00000000a0000000,0x00000000a4a24070,0x00000000ad400000)
 Metaspace       used 90983K, capacity 97234K, committed 97496K, reserved 1134592K
  class space    used 11329K, capacity 12469K, committed 12544K, reserved 1048576K
}
Event: 12596.611 GC heap before
{Heap before GC invocations=54 (full 4):
 PSYoungGen      total 454144K, used 411441K [0x00000000e0000000, 0x00000000ff800000, 0x0000000100000000)
  eden space 389120K, 99% used [0x00000000e0000000,0x00000000f7b600b8,0x00000000f7c00000)
  from space 65024K, 35% used [0x00000000f7c00000,0x00000000f926c6a0,0x00000000fbb80000)
  to   space 61440K, 0% used [0x00000000fbc00000,0x00000000fbc00000,0x00000000ff800000)
 ParOldGen       total 217088K, used 75920K [0x00000000a0000000, 0x00000000ad400000, 0x00000000e0000000)
  object space 217088K, 34% used [0x00000000a0000000,0x00000000a4a24070,0x00000000ad400000)
 Metaspace       used 90983K, capacity 97234K, committed 97496K, reserved 1134592K
  class space    used 11329K, capacity 12469K, committed 12544K, reserved 1048576K
Event: 12596.669 GC heap after
Heap after GC invocations=54 (full 4):
 PSYoungGen      total 456704K, used 16057K [0x00000000e0000000, 0x00000000ff880000, 0x0000000100000000)
  eden space 395264K, 0% used [0x00000000e0000000,0x00000000e0000000,0x00000000f8200000)
  from space 61440K, 26% used [0x00000000fbc00000,0x00000000fcbae7e0,0x00000000ff800000)
  to   space 59392K, 0% used [0x00000000f8200000,0x00000000f8200000,0x00000000fbc00000)
 ParOldGen       total 217088K, used 75936K [0x00000000a0000000, 0x00000000ad400000, 0x00000000e0000000)
  object space 217088K, 34% used [0x00000000a0000000,0x00000000a4a28070,0x00000000ad400000)
 Metaspace       used 90983K, capacity 97234K, committed 97496K, reserved 1134592K
  class space    used 11329K, capacity 12469K, committed 12544K, reserved 1048576K
}
Event: 12895.730 GC heap before
{Heap before GC invocations=55 (full 4):
 PSYoungGen      total 456704K, used 411056K [0x00000000e0000000, 0x00000000ff880000, 0x0000000100000000)
  eden space 395264K, 99% used [0x00000000e0000000,0x00000000f81bd958,0x00000000f8200000)
  from space 61440K, 26% used [0x00000000fbc00000,0x00000000fcbae7e0,0x00000000ff800000)
  to   space 59392K, 0% used [0x00000000f8200000,0x00000000f8200000,0x00000000fbc00000)
 ParOldGen       total 217088K, used 75936K [0x00000000a0000000, 0x00000000ad400000, 0x00000000e0000000)
  object space 217088K, 34% used [0x00000000a0000000,0x00000000a4a28070,0x00000000ad400000)
 Metaspace       used 91179K, capacity 97486K, committed 97752K, reserved 1134592K
  class space    used 11355K, capacity 12519K, committed 12544K, reserved 1048576K

Deoptimization events (10 events):
Event: 10354.378 Thread 0x000000001a56b800 Uncommon trap: reason=unstable_if action=reinterpret pc=0x0000000004817854 method=com.sun.tools.javac.code.Symbol$MethodSymbol.binaryOverrides(Lcom/sun/tools/javac/code/Symbol;Lcom/sun/tools/javac/code/Symbol$TypeSymbol;Lcom/sun/tools/javac/code/Types;)Z 
Event: 10354.399 Thread 0x000000001a56b800 Uncommon trap: reason=unstable_if action=reinterpret pc=0x0000000004572070 method=com.sun.tools.javac.code.Symbol.hiddenInInternal(Lcom/sun/tools/javac/code/Symbol$ClassSymbol;Lcom/sun/tools/javac/code/Types;)Lcom/sun/tools/javac/code/Symbol; @ 40
Event: 10354.399 Thread 0x000000001a56b800 Uncommon trap: reason=unstable_if action=reinterpret pc=0x00000000047fa4cc method=com.sun.tools.javac.code.Types.isSubtypeUncheckedInternal(Lcom/sun/tools/javac/code/Type;Lcom/sun/tools/javac/code/Type;Lcom/sun/tools/javac/util/Warner;)Z @ 110
Event: 10356.980 Thread 0x000000001de5b800 Uncommon trap: reason=unstable_if action=reinterpret pc=0x0000000005475cac method=java.util.concurrent.locks.LockSupport.unpark(Ljava/lang/Thread;)V @ 1
Event: 10362.752 Thread 0x000000001de58800 Uncommon trap: reason=unstable_if action=reinterpret pc=0x0000000006029b9c method=java.util.concurrent.ForkJoinTask.externalInterruptibleAwaitDone()I @ 91
Event: 10362.752 Thread 0x000000001b99c800 Uncommon trap: reason=unstable_if action=reinterpret pc=0x0000000005f1b028 method=java.util.concurrent.ForkJoinTask.setCompletion(I)I @ 25
Event: 10362.752 Thread 0x000000001b99c800 Uncommon trap: reason=unstable_if action=reinterpret pc=0x0000000005cbae9c method=java.util.concurrent.ForkJoinTask.setCompletion(I)I @ 25
Event: 10362.754 Thread 0x000000001b99c800 Uncommon trap: reason=unstable_if action=reinterpret pc=0x0000000005caf6f4 method=java.util.concurrent.ForkJoinTask.setCompletion(I)I @ 25
Event: 10366.851 Thread 0x000000001de58800 Uncommon trap: reason=unstable_if action=reinterpret pc=0x000000000333cb00 method=com.android.apkzlib.zip.ZFile.directSize()J @ 4
Event: 12890.485 Thread 0x000000001b999000 Uncommon trap: reason=class_check action=maybe_recompile pc=0x0000000006c49570 method=com.google.common.cache.LocalCache$Segment.put(Ljava/lang/Object;ILjava/lang/Object;Z)Ljava/lang/Object; @ 75

Classes redefined (0 events):
No events

Internal exceptions (10 events):
Event: 12891.100 Thread 0x000000001b999000 Exception <a 'sun/nio/fs/WindowsException'> (0x00000000e3dbf238) thrown at [D:\src\AOSP-openjdk-cygwin\jdk8u\hotspot\src\share\vm\prims\jni.cpp, line 709]
Event: 12891.100 Thread 0x000000001b999000 Exception <a 'sun/nio/fs/WindowsException'> (0x00000000e3dbfb58) thrown at [D:\src\AOSP-openjdk-cygwin\jdk8u\hotspot\src\share\vm\prims\jni.cpp, line 709]
Event: 12891.100 Thread 0x000000001b999000 Exception <a 'sun/nio/fs/WindowsException'> (0x00000000e3dc1e00) thrown at [D:\src\AOSP-openjdk-cygwin\jdk8u\hotspot\src\share\vm\prims\jni.cpp, line 709]
Event: 12891.100 Thread 0x000000001b999000 Exception <a 'sun/nio/fs/WindowsException'> (0x00000000e3dc2720) thrown at [D:\src\AOSP-openjdk-cygwin\jdk8u\hotspot\src\share\vm\prims\jni.cpp, line 709]
Event: 12891.100 Thread 0x000000001b999000 Exception <a 'sun/nio/fs/WindowsException'> (0x00000000e3dc41f8) thrown at [D:\src\AOSP-openjdk-cygwin\jdk8u\hotspot\src\share\vm\prims\jni.cpp, line 709]
Event: 12891.100 Thread 0x000000001b999000 Exception <a 'sun/nio/fs/WindowsException'> (0x00000000e3dc4b28) thrown at [D:\src\AOSP-openjdk-cygwin\jdk8u\hotspot\src\share\vm\prims\jni.cpp, line 709]
Event: 12891.101 Thread 0x000000001b999000 Exception <a 'sun/nio/fs/WindowsException'> (0x00000000e3dc6f30) thrown at [D:\src\AOSP-openjdk-cygwin\jdk8u\hotspot\src\share\vm\prims\jni.cpp, line 709]
Event: 12891.101 Thread 0x000000001b999000 Exception <a 'sun/nio/fs/WindowsException'> (0x00000000e3dc7880) thrown at [D:\src\AOSP-openjdk-cygwin\jdk8u\hotspot\src\share\vm\prims\jni.cpp, line 709]
Event: 12891.101 Thread 0x000000001b999000 Exception <a 'sun/nio/fs/WindowsException'> (0x00000000e3dc9450) thrown at [D:\src\AOSP-openjdk-cygwin\jdk8u\hotspot\src\share\vm\prims\jni.cpp, line 709]
Event: 12891.101 Thread 0x000000001b999000 Exception <a 'sun/nio/fs/WindowsException'> (0x00000000e3dc9dc0) thrown at [D:\src\AOSP-openjdk-cygwin\jdk8u\hotspot\src\share\vm\prims\jni.cpp, line 709]

Events (10 events):
Event: 12895.712 Executing VM operation: RevokeBias done
Event: 12895.712 Executing VM operation: RevokeBias
Event: 12895.713 Executing VM operation: RevokeBias done
Event: 12895.713 Executing VM operation: RevokeBias
Event: 12895.713 Executing VM operation: RevokeBias done
Event: 12895.713 Executing VM operation: RevokeBias
Event: 12895.714 Executing VM operation: RevokeBias done
Event: 12895.727 Executing VM operation: RevokeBias
Event: 12895.727 Executing VM operation: RevokeBias done
Event: 12895.730 Executing VM operation: ParallelGCFailedAllocation


Dynamic libraries:
0x00007ff71bf10000 - 0x00007ff71bf41000 	D:\Android Studio\jre\bin\java.exe
0x00007ffd6f940000 - 0x00007ffd6fb11000 	C:\Windows\SYSTEM32\ntdll.dll
0x00007ffd6d640000 - 0x00007ffd6d6eb000 	C:\Windows\System32\KERNEL32.DLL
0x00007ffd6cbb0000 - 0x00007ffd6cdcd000 	C:\Windows\System32\KERNELBASE.dll
0x00007ffd6d9d0000 - 0x00007ffd6da72000 	C:\Windows\System32\ADVAPI32.dll
0x00007ffd6f7a0000 - 0x00007ffd6f83e000 	C:\Windows\System32\msvcrt.dll
0x00007ffd6f4b0000 - 0x00007ffd6f509000 	C:\Windows\System32\sechost.dll
0x00007ffd6f380000 - 0x00007ffd6f4a1000 	C:\Windows\System32\RPCRT4.dll
0x00007ffd6f160000 - 0x00007ffd6f2c5000 	C:\Windows\System32\USER32.dll
0x00007ffd6ca00000 - 0x00007ffd6ca1e000 	C:\Windows\System32\win32u.dll
0x00007ffd6f2d0000 - 0x00007ffd6f304000 	C:\Windows\System32\GDI32.dll
0x00007ffd6ca20000 - 0x00007ffd6cba2000 	C:\Windows\System32\gdi32full.dll
0x00007ffd669c0000 - 0x00007ffd66c39000 	C:\Windows\WinSxS\amd64_microsoft.windows.common-controls_6595b64144ccf1df_6.0.14393.0_none_2d0f50fcbdb171b8\COMCTL32.dll
0x00007ffd6cee0000 - 0x00007ffd6d1a7000 	C:\Windows\System32\combase.dll
0x00007ffd6c000000 - 0x00007ffd6c0f5000 	C:\Windows\System32\ucrtbase.dll
0x00007ffd6c990000 - 0x00007ffd6c9fa000 	C:\Windows\System32\bcryptPrimitives.dll
0x00007ffd6f090000 - 0x00007ffd6f0be000 	C:\Windows\System32\IMM32.DLL
0x0000000068670000 - 0x0000000068742000 	D:\Android Studio\jre\jre\bin\msvcr100.dll
0x0000000067a20000 - 0x000000006825f000 	D:\Android Studio\jre\jre\bin\server\jvm.dll
0x00007ffd6ced0000 - 0x00007ffd6ced8000 	C:\Windows\System32\PSAPI.DLL
0x00007ffd67400000 - 0x00007ffd67409000 	C:\Windows\SYSTEM32\WSOCK32.dll
0x00007ffd6da80000 - 0x00007ffd6daea000 	C:\Windows\System32\WS2_32.dll
0x00007ffd69a70000 - 0x00007ffd69a93000 	C:\Windows\SYSTEM32\WINMM.dll
0x00007ffd67d80000 - 0x00007ffd67d8a000 	C:\Windows\SYSTEM32\VERSION.dll
0x00007ffd69a10000 - 0x00007ffd69a3b000 	C:\Windows\SYSTEM32\WINMMBASE.dll
0x00007ffd6cdd0000 - 0x00007ffd6ce12000 	C:\Windows\System32\cfgmgr32.dll
0x00007ffd67040000 - 0x00007ffd6704f000 	D:\Android Studio\jre\jre\bin\verify.dll
0x00007ffd67010000 - 0x00007ffd67039000 	D:\Android Studio\jre\jre\bin\java.dll
0x00007ffd66ff0000 - 0x00007ffd67006000 	D:\Android Studio\jre\jre\bin\zip.dll
0x00007ffd6db10000 - 0x00007ffd6f018000 	C:\Windows\System32\SHELL32.dll
0x00007ffd6c2b0000 - 0x00007ffd6c98a000 	C:\Windows\System32\windows.storage.dll
0x00007ffd6bdb0000 - 0x00007ffd6bdfc000 	C:\Windows\System32\powrprof.dll
0x00007ffd6f030000 - 0x00007ffd6f082000 	C:\Windows\System32\shlwapi.dll
0x00007ffd6bda0000 - 0x00007ffd6bdaf000 	C:\Windows\System32\kernel.appcore.dll
0x00007ffd6ce20000 - 0x00007ffd6cec9000 	C:\Windows\System32\shcore.dll
0x00007ffd6be00000 - 0x00007ffd6be14000 	C:\Windows\System32\profapi.dll
0x00007ffd66fd0000 - 0x00007ffd66fea000 	D:\Android Studio\jre\jre\bin\net.dll
0x00007ffd6b4f0000 - 0x00007ffd6b54c000 	C:\Windows\system32\mswsock.dll
0x00007ffd66fb0000 - 0x00007ffd66fc1000 	D:\Android Studio\jre\jre\bin\nio.dll
0x00007ffd675a0000 - 0x00007ffd675be000 	C:\Users\Narding\.gradle\native\25\windows-amd64\native-platform.dll
0x00007ffd66f50000 - 0x00007ffd66f5d000 	D:\Android Studio\jre\jre\bin\management.dll
0x00007ffd6b870000 - 0x00007ffd6b887000 	C:\Windows\SYSTEM32\CRYPTSP.dll
0x00007ffd6b6b0000 - 0x00007ffd6b6e3000 	C:\Windows\system32\rsaenh.dll
0x00007ffd6b980000 - 0x00007ffd6b9ab000 	C:\Windows\SYSTEM32\bcrypt.dll
0x00007ffd6b750000 - 0x00007ffd6b76f000 	C:\Windows\SYSTEM32\USERENV.dll
0x00007ffd6b890000 - 0x00007ffd6b89b000 	C:\Windows\SYSTEM32\CRYPTBASE.dll
0x00007ffd6b2a0000 - 0x00007ffd6b2d8000 	C:\Windows\SYSTEM32\IPHLPAPI.DLL
0x00007ffd6f6d0000 - 0x00007ffd6f6d8000 	C:\Windows\System32\NSI.dll
0x00007ffd64d80000 - 0x00007ffd64d96000 	C:\Windows\SYSTEM32\dhcpcsvc6.DLL
0x00007ffd64c20000 - 0x00007ffd64c3a000 	C:\Windows\SYSTEM32\dhcpcsvc.DLL
0x00007ffd51940000 - 0x00007ffd51ad6000 	D:\Android Studio\jre\jre\bin\awt.dll
0x00007ffd6f6e0000 - 0x00007ffd6f79f000 	C:\Windows\System32\OLEAUT32.dll
0x00007ffd6c100000 - 0x00007ffd6c19c000 	C:\Windows\System32\msvcp_win.dll
0x00007ffd67810000 - 0x00007ffd67d6f000 	C:\Windows\SYSTEM32\d2d1.dll
0x00007ffd6be30000 - 0x00007ffd6bff8000 	C:\Windows\System32\CRYPT32.dll
0x00007ffd6be20000 - 0x00007ffd6be30000 	C:\Windows\System32\MSASN1.dll
0x00007ffd6a350000 - 0x00007ffd6a3ca000 	C:\Windows\SYSTEM32\apphelp.dll
0x00007ffd69d90000 - 0x00007ffd69db6000 	C:\Windows\system32\DWMAPI.DLL
0x00007ffd6a530000 - 0x00007ffd6a5c5000 	C:\Windows\system32\uxtheme.dll
0x00007ffd6b1b0000 - 0x00007ffd6b1e2000 	C:\Windows\SYSTEM32\ntmarta.dll
0x00007ffd5d9f0000 - 0x00007ffd5db82000 	C:\Windows\SYSTEM32\dbghelp.dll

VM Arguments:
jvm_args: -Xmx1536m -Dfile.encoding=windows-1252 -Duser.country=US -Duser.language=en -Duser.variant 
java_command: org.gradle.launcher.daemon.bootstrap.GradleDaemon 4.4
java_class_path (initial): C:\Users\Narding\.gradle\wrapper\dists\gradle-4.4-all\9br9xq1tocpiv8o6njlyu5op1\gradle-4.4\lib\gradle-launcher-4.4.jar
Launcher Type: SUN_STANDARD

Environment Variables:
PATH=C:\ProgramData\Oracle\Java\javapath;C:\Windows\system32;C:\Windows;C:\Windows\System32\Wbem;C:\Windows\System32\WindowsPowerShell\v1.0\;C:\Program Files\Git\cmd;C:\Users\Narding\AppData\Local\Microsoft\WindowsApps;;C:\Program Files\Microsoft VS Code\bin
USERNAME=Narding
OS=Windows_NT
PROCESSOR_IDENTIFIER=Intel64 Family 6 Model 58 Stepping 9, GenuineIntel



---------------  S Y S T E M  ---------------

OS: Windows 10.0 , 64 bit Build 14393 (10.0.14393.0)

CPU:total 2 (initial active 2) (2 cores per cpu, 1 threads per core) family 6 model 58 stepping 9, cmov, cx8, fxsr, mmx, sse, sse2, sse3, ssse3, sse4.1, sse4.2, popcnt, clmul, erms, tsc, tscinvbit, tscinv

Memory: 4k page, physical 8353672k(3909024k free), swap 9664392k(3823932k free)

vm_info: OpenJDK 64-Bit Server VM (25.152-b02) for windows-amd64 JRE (1.8.0_152-release-1024-b02), built by "builder" with MS VC++ 10.0 (VS2010)

time: Tue May 15 20:34:44 2018
elapsed time: 12895 seconds (0d 3h 34m 55s)

