#
# A fatal error has been detected by the Java Runtime Environment:
#
#  EXCEPTION_ACCESS_VIOLATION (0xc0000005) at pc=0x0000000067f5d0bd, pid=4856, tid=0x00000000000015fc
#
# JRE version: OpenJDK Runtime Environment (8.0_152-b02) (build 1.8.0_152-release-1024-b02)
# Java VM: OpenJDK 64-Bit Server VM (25.152-b02 mixed mode windows-amd64 compressed oops)
# Problematic frame:
# V  [jvm.dll+0x46d0bd]
#
# Failed to write core dump. Minidumps are not enabled by default on client versions of Windows
#
# If you would like to submit a bug report, please visit:
#   http://bugreport.java.com/bugreport/crash.jsp
#

---------------  T H R E A D  ---------------

Current thread (0x0000000016143000):  JavaThread "C2 CompilerThread0" daemon [_thread_in_native, id=5628, stack(0x0000000017170000,0x0000000017270000)]

siginfo: ExceptionCode=0xc0000005, writing address 0x00000000282b5090

Registers:
RAX=0x000000001726eb20, RBX=0x00000000282b5090, RCX=0x0000000000000007, RDX=0x0000000018d743a0
RSP=0x000000001726c300, RBP=0x00000000000000d8, RSI=0x000000000000001b, RDI=0x000000001cb30500
R8 =0xfffffffffffffff8, R9 =0x000000001726c380, R10=0x00000000682b5090, R11=0x0000000067af0000
R12=0x00000000000013b8, R13=0x0000000000018a60, R14=0x0000000000000277, R15=0x0000000000000000
RIP=0x0000000067f5d0bd, EFLAGS=0x0000000000010246

Top of Stack: (sp=0x000000001726c300)
0x000000001726c300:   000000001726c4b0 000000000000015d
0x000000001726c310:   0000000000000ae8 0000000018960430
0x000000001726c320:   000000001726c4b0 0000000067f77264
0x000000001726c330:   000000000000001b 000000001cb30500
0x000000001726c340:   000000001ac260c0 0000000000000000
0x000000001726c350:   fffffffffffffff8 000000001612af80
0x000000001726c360:   000000001b2cfd70 0000000000327568
0x000000001726c370:   000000001b2cfdc0 000000001b2d7d58
0x000000001726c380:   0000000068127f08 000000001612af80
0x000000001726c390:   0000000000000040 0000000018484530
0x000000001726c3a0:   000000001726c470 00000000000003d8
0x000000001726c3b0:   0000000017be46e8 0000000017be4310
0x000000001726c3c0:   0000000000000000 0000000017be4300
0x000000001726c3d0:   000000001726c4f0 000000001726c760
0x000000001726c3e0:   000000001726c870 0000000067f24aa8
0x000000001726c3f0:   0000000000000000 0000000000000001 

Instructions: (pc=0x0000000067f5d0bd)
0x0000000067f5d09d:   f2 48 8b 1c f0 ff 15 f0 b2 13 00 48 8b 90 b8 03
0x0000000067f5d0ad:   00 00 48 8b 82 88 00 00 00 48 8b 90 f0 07 00 00
0x0000000067f5d0bd:   48 89 13 8b 0d a2 04 30 00 ff 15 cc b2 13 00 48
0x0000000067f5d0cd:   8b 88 b8 03 00 00 48 8b 81 88 00 00 00 48 8d 0d 


Register to memory mapping:

RAX=0x000000001726eb20 is pointing into the stack for thread: 0x0000000016143000
RBX=0x00000000282b5090 is an unknown value
RCX=0x0000000000000007 is an unknown value
RDX=0x0000000018d743a0 is an unknown value
RSP=0x000000001726c300 is pointing into the stack for thread: 0x0000000016143000
RBP=0x00000000000000d8 is an unknown value
RSI=0x000000000000001b is an unknown value
RDI=0x000000001cb30500 is an unknown value
R8 =0xfffffffffffffff8 is an unknown value
R9 =0x000000001726c380 is pointing into the stack for thread: 0x0000000016143000
R10=0x00000000682b5090 is an unknown value
R11=0x0000000067af0000 is an unknown value
R12=0x00000000000013b8 is an unknown value
R13=0x0000000000018a60 is an unknown value
R14=0x0000000000000277 is an unknown value
R15=0x0000000000000000 is an unknown value


Stack: [0x0000000017170000,0x0000000017270000],  sp=0x000000001726c300,  free space=1008k
Native frames: (J=compiled Java code, j=interpreted, Vv=VM code, C=native code)
V  [jvm.dll+0x46d0bd]
V  [jvm.dll+0x487264]
V  [jvm.dll+0x434aa8]
V  [jvm.dll+0x43f76b]
V  [jvm.dll+0x44203e]
V  [jvm.dll+0x4250b2]
V  [jvm.dll+0x814c8]
V  [jvm.dll+0x81dff]
V  [jvm.dll+0x21d2df]
V  [jvm.dll+0x26d7ea]
C  [msvcr100.dll+0x21d9f]
C  [msvcr100.dll+0x21e3b]
C  [KERNEL32.DLL+0x8364]
C  [ntdll.dll+0x65e91]


Current CompileTask:
C2: 142587 4505       4       groovy.lang.MetaClassImpl::addMetaMethodToIndex (65 bytes)


---------------  P R O C E S S  ---------------

Java Threads: ( => current thread )
  0x000000001a9d9000 JavaThread "Memory manager" [_thread_blocked, id=5904, stack(0x000000001ee30000,0x000000001ef30000)]
  0x000000001a9d9800 JavaThread "build operations Thread 2" [_thread_blocked, id=6732, stack(0x000000001ed30000,0x000000001ee30000)]
  0x000000001a9d2000 JavaThread "build operations" [_thread_blocked, id=3112, stack(0x000000001ec30000,0x000000001ed30000)]
  0x000000001a9d6800 JavaThread "Cache worker for Artifact transforms cache (C:\Users\Narding\.gradle\caches\transforms-1)" [_thread_blocked, id=3324, stack(0x000000001eb30000,0x000000001ec30000)]
  0x000000001c500800 JavaThread "Cache worker for file hash cache (D:\LaCostaZamboanga\.gradle\4.4\fileHashes)" [_thread_blocked, id=5584, stack(0x000000001ea30000,0x000000001eb30000)]
  0x000000001c4fe000 JavaThread "Stdin handler" [_thread_blocked, id=7096, stack(0x000000001e930000,0x000000001ea30000)]
  0x000000001c4ff000 JavaThread "Asynchronous log dispatcher for DefaultDaemonConnection: socket connection from /127.0.0.1:5970 to /127.0.0.1:6293" [_thread_blocked, id=68, stack(0x000000001e830000,0x000000001e930000)]
  0x000000001c4fd800 JavaThread "Daemon worker Thread 2" [_thread_in_vm, id=1380, stack(0x000000001e730000,0x000000001e830000)]
  0x000000001c4fa800 JavaThread "Cancel handler" [_thread_blocked, id=4768, stack(0x000000001e630000,0x000000001e730000)]
  0x000000001c4fc800 JavaThread "Handler for socket connection from /127.0.0.1:5970 to /127.0.0.1:6293" [_thread_in_native, id=3000, stack(0x000000001e530000,0x000000001e630000)]
  0x000000001c4fb000 JavaThread "Daemon Thread 2" [_thread_blocked, id=4800, stack(0x000000001e430000,0x000000001e530000)]
  0x0000000018d24800 JavaThread "File lock request listener" [_thread_in_native, id=6648, stack(0x000000001b750000,0x000000001b850000)]
  0x0000000018ac2000 JavaThread "Cache worker for file hash cache (C:\Users\Narding\.gradle\caches\4.4\fileHashes)" [_thread_blocked, id=7160, stack(0x000000001b650000,0x000000001b750000)]
  0x00000000181b6000 JavaThread "Daemon periodic checks" [_thread_blocked, id=1424, stack(0x0000000019b80000,0x0000000019c80000)]
  0x00000000181a2000 JavaThread "Incoming local TCP Connector on port 5970" [_thread_in_native, id=1116, stack(0x0000000019680000,0x0000000019780000)]
  0x00000000161ac800 JavaThread "Service Thread" daemon [_thread_blocked, id=4348, stack(0x0000000017370000,0x0000000017470000)]
  0x000000001614b800 JavaThread "C1 CompilerThread1" daemon [_thread_blocked, id=2616, stack(0x0000000017270000,0x0000000017370000)]
=>0x0000000016143000 JavaThread "C2 CompilerThread0" daemon [_thread_in_native, id=5628, stack(0x0000000017170000,0x0000000017270000)]
  0x0000000016150000 JavaThread "Attach Listener" daemon [_thread_blocked, id=3332, stack(0x0000000017070000,0x0000000017170000)]
  0x000000001614e800 JavaThread "Signal Dispatcher" daemon [_thread_blocked, id=828, stack(0x0000000016f70000,0x0000000017070000)]
  0x0000000016129000 JavaThread "Finalizer" daemon [_thread_blocked, id=3192, stack(0x0000000016d80000,0x0000000016e80000)]
  0x0000000016104800 JavaThread "Reference Handler" daemon [_thread_blocked, id=6836, stack(0x0000000016c80000,0x0000000016d80000)]
  0x0000000002920800 JavaThread "main" [_thread_blocked, id=2404, stack(0x0000000002720000,0x0000000002820000)]

Other Threads:
  0x00000000160fc800 VMThread [stack: 0x0000000016b80000,0x0000000016c80000] [id=2772]
  0x00000000161ad800 WatcherThread [stack: 0x0000000017470000,0x0000000017570000] [id=4332]

VM state:not at safepoint (normal execution)

VM Mutex/Monitor currently owned by a thread: None

Heap:
 PSYoungGen      total 207360K, used 181051K [0x00000000e0000000, 0x00000000eda00000, 0x0000000100000000)
  eden space 194560K, 93% used [0x00000000e0000000,0x00000000eb0cefa8,0x00000000ebe00000)
  from space 12800K, 0% used [0x00000000ecd80000,0x00000000ecd80000,0x00000000eda00000)
  to   space 14336K, 0% used [0x00000000ebe00000,0x00000000ebe00000,0x00000000ecc00000)
 ParOldGen       total 101888K, used 17489K [0x00000000a0000000, 0x00000000a6380000, 0x00000000e0000000)
  object space 101888K, 17% used [0x00000000a0000000,0x00000000a1114780,0x00000000a6380000)
 Metaspace       used 45120K, capacity 46235K, committed 46296K, reserved 1089536K
  class space    used 6033K, capacity 6375K, committed 6400K, reserved 1048576K

Card table byte_map: [0x0000000011de0000,0x00000000120f0000] byte_map_base: 0x00000000118e0000

Marking Bits: (ParMarkBitMap*) 0x00000000682b4970
 Begin Bits: [0x00000000124f0000, 0x0000000013cf0000)
 End Bits:   [0x0000000013cf0000, 0x00000000154f0000)

Polling page: 0x0000000000af0000

CodeCache: size=245760Kb used=13336Kb max_used=13336Kb free=232423Kb
 bounds [0x0000000002a20000, 0x0000000003740000, 0x0000000011a20000]
 total_blobs=4828 nmethods=4108 adapters=634
 compilation: enabled

Compilation events (10 events):
Event: 142.502 Thread 0x000000001614b800 4621       3       sun.misc.URLClassPath::findResource (47 bytes)
Event: 142.503 Thread 0x000000001614b800 nmethod 4621 0x000000000372c490 code [0x000000000372c620, 0x000000000372c9e8]
Event: 142.504 Thread 0x000000001614b800 4622       3       java.util.logging.LogManager$LoggerContext::requiresDefaultLoggers (29 bytes)
Event: 142.505 Thread 0x000000001614b800 nmethod 4622 0x000000000372cb90 code [0x000000000372cd00, 0x000000000372d128]
Event: 142.505 Thread 0x000000001614b800 4623       3       java.util.logging.LogManager::getProperty (9 bytes)
Event: 142.505 Thread 0x000000001614b800 nmethod 4623 0x000000000372d210 code [0x000000000372d380, 0x000000000372d5a8]
Event: 142.517 Thread 0x000000001614b800 4624  s    3       java.util.Hashtable::containsKey (65 bytes)
Event: 142.517 Thread 0x000000001614b800 nmethod 4624 0x000000000372dad0 code [0x000000000372dc60, 0x000000000372e298]
Event: 142.573 Thread 0x000000001614b800 4625       3       sun.misc.ProxyGenerator::addProxyMethod (234 bytes)
Event: 142.574 Thread 0x000000001614b800 nmethod 4625 0x000000000372e510 code [0x000000000372e840, 0x00000000037305a8]

GC Heap History (10 events):
Event: 4.305 GC heap before
{Heap before GC invocations=4 (full 0):
 PSYoungGen      total 71680K, used 21407K [0x00000000e0000000, 0x00000000e8c00000, 0x0000000100000000)
  eden space 66560K, 24% used [0x00000000e0000000,0x00000000e0febdb0,0x00000000e4100000)
  from space 5120K, 99% used [0x00000000e4100000,0x00000000e45fc010,0x00000000e4600000)
  to   space 5120K, 0% used [0x00000000e8700000,0x00000000e8700000,0x00000000e8c00000)
 ParOldGen       total 87552K, used 6026K [0x00000000a0000000, 0x00000000a5580000, 0x00000000e0000000)
  object space 87552K, 6% used [0x00000000a0000000,0x00000000a05e2968,0x00000000a5580000)
 Metaspace       used 20838K, capacity 21200K, committed 21248K, reserved 1067008K
  class space    used 2903K, capacity 3038K, committed 3072K, reserved 1048576K
Event: 4.325 GC heap after
Heap after GC invocations=4 (full 0):
 PSYoungGen      total 138240K, used 5108K [0x00000000e0000000, 0x00000000e8c00000, 0x0000000100000000)
  eden space 133120K, 0% used [0x00000000e0000000,0x00000000e0000000,0x00000000e8200000)
  from space 5120K, 99% used [0x00000000e8700000,0x00000000e8bfd040,0x00000000e8c00000)
  to   space 5120K, 0% used [0x00000000e8200000,0x00000000e8200000,0x00000000e8700000)
 ParOldGen       total 87552K, used 8656K [0x00000000a0000000, 0x00000000a5580000, 0x00000000e0000000)
  object space 87552K, 9% used [0x00000000a0000000,0x00000000a0874248,0x00000000a5580000)
 Metaspace       used 20838K, capacity 21200K, committed 21248K, reserved 1067008K
  class space    used 2903K, capacity 3038K, committed 3072K, reserved 1048576K
}
Event: 4.325 GC heap before
{Heap before GC invocations=5 (full 1):
 PSYoungGen      total 138240K, used 5108K [0x00000000e0000000, 0x00000000e8c00000, 0x0000000100000000)
  eden space 133120K, 0% used [0x00000000e0000000,0x00000000e0000000,0x00000000e8200000)
  from space 5120K, 99% used [0x00000000e8700000,0x00000000e8bfd040,0x00000000e8c00000)
  to   space 5120K, 0% used [0x00000000e8200000,0x00000000e8200000,0x00000000e8700000)
 ParOldGen       total 87552K, used 8656K [0x00000000a0000000, 0x00000000a5580000, 0x00000000e0000000)
  object space 87552K, 9% used [0x00000000a0000000,0x00000000a0874248,0x00000000a5580000)
 Metaspace       used 20838K, capacity 21200K, committed 21248K, reserved 1067008K
  class space    used 2903K, capacity 3038K, committed 3072K, reserved 1048576K
Event: 4.410 GC heap after
Heap after GC invocations=5 (full 1):
 PSYoungGen      total 138240K, used 0K [0x00000000e0000000, 0x00000000e8c00000, 0x0000000100000000)
  eden space 133120K, 0% used [0x00000000e0000000,0x00000000e0000000,0x00000000e8200000)
  from space 5120K, 0% used [0x00000000e8700000,0x00000000e8700000,0x00000000e8c00000)
  to   space 5120K, 0% used [0x00000000e8200000,0x00000000e8200000,0x00000000e8700000)
 ParOldGen       total 63488K, used 8024K [0x00000000a0000000, 0x00000000a3e00000, 0x00000000e0000000)
  object space 63488K, 12% used [0x00000000a0000000,0x00000000a07d6188,0x00000000a3e00000)
 Metaspace       used 20838K, capacity 21200K, committed 21248K, reserved 1067008K
  class space    used 2903K, capacity 3038K, committed 3072K, reserved 1048576K
}
Event: 7.878 GC heap before
{Heap before GC invocations=6 (full 1):
 PSYoungGen      total 138240K, used 133120K [0x00000000e0000000, 0x00000000e8c00000, 0x0000000100000000)
  eden space 133120K, 100% used [0x00000000e0000000,0x00000000e8200000,0x00000000e8200000)
  from space 5120K, 0% used [0x00000000e8700000,0x00000000e8700000,0x00000000e8c00000)
  to   space 5120K, 0% used [0x00000000e8200000,0x00000000e8200000,0x00000000e8700000)
 ParOldGen       total 63488K, used 8024K [0x00000000a0000000, 0x00000000a3e00000, 0x00000000e0000000)
  object space 63488K, 12% used [0x00000000a0000000,0x00000000a07d6188,0x00000000a3e00000)
 Metaspace       used 30026K, capacity 30590K, committed 30848K, reserved 1075200K
  class space    used 4194K, capacity 4386K, committed 4480K, reserved 1048576K
Event: 7.897 GC heap after
Heap after GC invocations=6 (full 1):
 PSYoungGen      total 138240K, used 5120K [0x00000000e0000000, 0x00000000edc00000, 0x0000000100000000)
  eden space 133120K, 0% used [0x00000000e0000000,0x00000000e0000000,0x00000000e8200000)
  from space 5120K, 100% used [0x00000000e8200000,0x00000000e8700000,0x00000000e8700000)
  to   space 14848K, 0% used [0x00000000ecd80000,0x00000000ecd80000,0x00000000edc00000)
 ParOldGen       total 63488K, used 16122K [0x00000000a0000000, 0x00000000a3e00000, 0x00000000e0000000)
  object space 63488K, 25% used [0x00000000a0000000,0x00000000a0fbea58,0x00000000a3e00000)
 Metaspace       used 30026K, capacity 30590K, committed 30848K, reserved 1075200K
  class space    used 4194K, capacity 4386K, committed 4480K, reserved 1048576K
}
Event: 8.681 GC heap before
{Heap before GC invocations=7 (full 1):
 PSYoungGen      total 138240K, used 33712K [0x00000000e0000000, 0x00000000edc00000, 0x0000000100000000)
  eden space 133120K, 21% used [0x00000000e0000000,0x00000000e1bec3d0,0x00000000e8200000)
  from space 5120K, 100% used [0x00000000e8200000,0x00000000e8700000,0x00000000e8700000)
  to   space 14848K, 0% used [0x00000000ecd80000,0x00000000ecd80000,0x00000000edc00000)
 ParOldGen       total 63488K, used 16122K [0x00000000a0000000, 0x00000000a3e00000, 0x00000000e0000000)
  object space 63488K, 25% used [0x00000000a0000000,0x00000000a0fbea58,0x00000000a3e00000)
 Metaspace       used 34624K, capacity 35261K, committed 35416K, reserved 1079296K
  class space    used 4762K, capacity 4992K, committed 4992K, reserved 1048576K
Event: 8.693 GC heap after
Heap after GC invocations=7 (full 1):
 PSYoungGen      total 207360K, used 8855K [0x00000000e0000000, 0x00000000eda00000, 0x0000000100000000)
  eden space 194560K, 0% used [0x00000000e0000000,0x00000000e0000000,0x00000000ebe00000)
  from space 12800K, 69% used [0x00000000ecd80000,0x00000000ed625cd8,0x00000000eda00000)
  to   space 14336K, 0% used [0x00000000ebe00000,0x00000000ebe00000,0x00000000ecc00000)
 ParOldGen       total 63488K, used 16130K [0x00000000a0000000, 0x00000000a3e00000, 0x00000000e0000000)
  object space 63488K, 25% used [0x00000000a0000000,0x00000000a0fc0a58,0x00000000a3e00000)
 Metaspace       used 34624K, capacity 35261K, committed 35416K, reserved 1079296K
  class space    used 4762K, capacity 4992K, committed 4992K, reserved 1048576K
}
Event: 8.693 GC heap before
{Heap before GC invocations=8 (full 2):
 PSYoungGen      total 207360K, used 8855K [0x00000000e0000000, 0x00000000eda00000, 0x0000000100000000)
  eden space 194560K, 0% used [0x00000000e0000000,0x00000000e0000000,0x00000000ebe00000)
  from space 12800K, 69% used [0x00000000ecd80000,0x00000000ed625cd8,0x00000000eda00000)
  to   space 14336K, 0% used [0x00000000ebe00000,0x00000000ebe00000,0x00000000ecc00000)
 ParOldGen       total 63488K, used 16130K [0x00000000a0000000, 0x00000000a3e00000, 0x00000000e0000000)
  object space 63488K, 25% used [0x00000000a0000000,0x00000000a0fc0a58,0x00000000a3e00000)
 Metaspace       used 34624K, capacity 35261K, committed 35416K, reserved 1079296K
  class space    used 4762K, capacity 4992K, committed 4992K, reserved 1048576K
Event: 8.760 GC heap after
Heap after GC invocations=8 (full 2):
 PSYoungGen      total 207360K, used 0K [0x00000000e0000000, 0x00000000eda00000, 0x0000000100000000)
  eden space 194560K, 0% used [0x00000000e0000000,0x00000000e0000000,0x00000000ebe00000)
  from space 12800K, 0% used [0x00000000ecd80000,0x00000000ecd80000,0x00000000eda00000)
  to   space 14336K, 0% used [0x00000000ebe00000,0x00000000ebe00000,0x00000000ecc00000)
 ParOldGen       total 101888K, used 17489K [0x00000000a0000000, 0x00000000a6380000, 0x00000000e0000000)
  object space 101888K, 17% used [0x00000000a0000000,0x00000000a1114780,0x00000000a6380000)
 Metaspace       used 34624K, capacity 35261K, committed 35416K, reserved 1079296K
  class space    used 4762K, capacity 4992K, committed 4992K, reserved 1048576K
}

Deoptimization events (10 events):
Event: 141.519 Thread 0x000000001c4fd800 Uncommon trap: reason=unstable_if action=reinterpret pc=0x0000000002bf57fc method=java.security.CodeSource.matchCerts(Ljava/security/CodeSource;Z)Z @ 11
Event: 141.552 Thread 0x000000001c4fd800 Uncommon trap: reason=unstable_if action=reinterpret pc=0x0000000003188e50 method=java.util.LinkedHashMap.get(Ljava/lang/Object;)Ljava/lang/Object; @ 20
Event: 141.615 Thread 0x000000001c4fd800 Uncommon trap: reason=unstable_if action=reinterpret pc=0x0000000002db9e3c method=java.security.CodeSource.matchCerts(Ljava/security/CodeSource;Z)Z @ 11
Event: 142.058 Thread 0x000000001c4fd800 Uncommon trap: reason=unstable_if action=reinterpret pc=0x0000000002d51f7c method=java.util.WeakHashMap.eq(Ljava/lang/Object;Ljava/lang/Object;)Z @ 2
Event: 142.123 Thread 0x000000001c4fd800 Uncommon trap: reason=bimorphic action=maybe_recompile pc=0x0000000002b92b08 method=java.util.Arrays.binarySearch0([Ljava/lang/Object;IILjava/lang/Object;Ljava/util/Comparator;)I @ 48
Event: 142.124 Thread 0x000000001c4fd800 Uncommon trap: reason=bimorphic action=maybe_recompile pc=0x0000000002b92b08 method=java.util.Arrays.binarySearch0([Ljava/lang/Object;IILjava/lang/Object;Ljava/util/Comparator;)I @ 48
Event: 142.124 Thread 0x000000001c4fd800 Uncommon trap: reason=bimorphic action=maybe_recompile pc=0x0000000002b92b08 method=java.util.Arrays.binarySearch0([Ljava/lang/Object;IILjava/lang/Object;Ljava/util/Comparator;)I @ 48
Event: 142.124 Thread 0x000000001c4fd800 Uncommon trap: reason=bimorphic action=maybe_recompile pc=0x0000000002b92b08 method=java.util.Arrays.binarySearch0([Ljava/lang/Object;IILjava/lang/Object;Ljava/util/Comparator;)I @ 48
Event: 142.293 Thread 0x000000001c4fd800 Uncommon trap: reason=unstable_if action=reinterpret pc=0x00000000036f6bbc method=groovy.lang.MetaClassImpl.checkIfStdMethod(Lgroovy/lang/MetaMethod;)V @ 167
Event: 142.310 Thread 0x000000001c4fd800 Uncommon trap: reason=unstable_if action=reinterpret pc=0x0000000002e91004 method=org.gradle.internal.logging.text.AbstractLineChoppingStyledTextOutput$2.execute(Lorg/gradle/internal/logging/text/AbstractLineChoppingStyledTextOutput$StateContext;)V @ 30

Classes redefined (0 events):
No events

Internal exceptions (10 events):
Event: 142.498 Thread 0x000000001c4fd800 Exception <a 'sun/nio/fs/WindowsException'> (0x00000000ea841918) thrown at [D:\src\AOSP-openjdk-cygwin\jdk8u\hotspot\src\share\vm\prims\jni.cpp, line 709]
Event: 142.498 Thread 0x000000001c4fd800 Exception <a 'sun/nio/fs/WindowsException'> (0x00000000ea8423a8) thrown at [D:\src\AOSP-openjdk-cygwin\jdk8u\hotspot\src\share\vm\prims\jni.cpp, line 709]
Event: 142.498 Thread 0x000000001c4fd800 Exception <a 'sun/nio/fs/WindowsException'> (0x00000000ea843e80) thrown at [D:\src\AOSP-openjdk-cygwin\jdk8u\hotspot\src\share\vm\prims\jni.cpp, line 709]
Event: 142.498 Thread 0x000000001c4fd800 Exception <a 'sun/nio/fs/WindowsException'> (0x00000000ea844948) thrown at [D:\src\AOSP-openjdk-cygwin\jdk8u\hotspot\src\share\vm\prims\jni.cpp, line 709]
Event: 142.498 Thread 0x000000001c4fd800 Exception <a 'sun/nio/fs/WindowsException'> (0x00000000ea846fe8) thrown at [D:\src\AOSP-openjdk-cygwin\jdk8u\hotspot\src\share\vm\prims\jni.cpp, line 709]
Event: 142.499 Thread 0x000000001c4fd800 Exception <a 'sun/nio/fs/WindowsException'> (0x00000000ea847b08) thrown at [D:\src\AOSP-openjdk-cygwin\jdk8u\hotspot\src\share\vm\prims\jni.cpp, line 709]
Event: 142.499 Thread 0x000000001c4fd800 Exception <a 'sun/nio/fs/WindowsException'> (0x00000000ea849658) thrown at [D:\src\AOSP-openjdk-cygwin\jdk8u\hotspot\src\share\vm\prims\jni.cpp, line 709]
Event: 142.499 Thread 0x000000001c4fd800 Exception <a 'sun/nio/fs/WindowsException'> (0x00000000ea84a1b8) thrown at [D:\src\AOSP-openjdk-cygwin\jdk8u\hotspot\src\share\vm\prims\jni.cpp, line 709]
Event: 142.506 Thread 0x000000001c4fd800 Exception <a 'java/lang/ClassNotFoundException': com/sun/org/glassfish/hk2/osgiresourcelocator/ServiceLoader> (0x00000000ea89f960) thrown at [D:\src\AOSP-openjdk-cygwin\jdk8u\hotspot\src\share\vm\classfile\systemDictionary.cpp, line 210]
Event: 142.547 Thread 0x000000001c4fd800 Exception <a 'java/lang/NullPointerException'> (0x00000000ead097e0) thrown at [D:\src\AOSP-openjdk-cygwin\jdk8u\hotspot\src\share\vm\interpreter\linkResolver.cpp, line 1301]

Events (10 events):
Event: 142.576 loading class com/sun/xml/bind/v2/model/annotation/Init
Event: 142.576 loading class com/sun/xml/bind/v2/model/annotation/Init done
Event: 142.576 loading class com/sun/xml/bind/v2/model/annotation/Quick
Event: 142.576 loading class com/sun/xml/bind/v2/model/annotation/Quick done
Event: 142.577 loading class com/sun/xml/bind/v2/model/annotation/XmlAttributeQuick
Event: 142.577 loading class com/sun/xml/bind/v2/model/annotation/XmlAttributeQuick done
Event: 142.577 loading class javax/xml/bind/annotation/XmlAttribute
Event: 142.577 loading class javax/xml/bind/annotation/XmlAttribute done
Event: 142.577 loading class com/sun/xml/bind/v2/model/annotation/XmlElementQuick
Event: 142.577 loading class com/sun/xml/bind/v2/model/annotation/XmlElementQuick done


Dynamic libraries:
0x00007ff7d1660000 - 0x00007ff7d1691000 	D:\Android Studio\jre\bin\java.exe
0x00007ffd6f940000 - 0x00007ffd6fb11000 	C:\Windows\SYSTEM32\ntdll.dll
0x00007ffd6d640000 - 0x00007ffd6d6eb000 	C:\Windows\System32\KERNEL32.DLL
0x00007ffd6cbb0000 - 0x00007ffd6cdcd000 	C:\Windows\System32\KERNELBASE.dll
0x00007ffd6d9d0000 - 0x00007ffd6da72000 	C:\Windows\System32\ADVAPI32.dll
0x00007ffd6f7a0000 - 0x00007ffd6f83e000 	C:\Windows\System32\msvcrt.dll
0x00007ffd6f4b0000 - 0x00007ffd6f509000 	C:\Windows\System32\sechost.dll
0x00007ffd6f380000 - 0x00007ffd6f4a1000 	C:\Windows\System32\RPCRT4.dll
0x00007ffd6f160000 - 0x00007ffd6f2c5000 	C:\Windows\System32\USER32.dll
0x00007ffd6ca00000 - 0x00007ffd6ca1e000 	C:\Windows\System32\win32u.dll
0x00007ffd6f2d0000 - 0x00007ffd6f304000 	C:\Windows\System32\GDI32.dll
0x00007ffd6ca20000 - 0x00007ffd6cba2000 	C:\Windows\System32\gdi32full.dll
0x00007ffd669c0000 - 0x00007ffd66c39000 	C:\Windows\WinSxS\amd64_microsoft.windows.common-controls_6595b64144ccf1df_6.0.14393.0_none_2d0f50fcbdb171b8\COMCTL32.dll
0x00007ffd6cee0000 - 0x00007ffd6d1a7000 	C:\Windows\System32\combase.dll
0x00007ffd6c000000 - 0x00007ffd6c0f5000 	C:\Windows\System32\ucrtbase.dll
0x00007ffd6c990000 - 0x00007ffd6c9fa000 	C:\Windows\System32\bcryptPrimitives.dll
0x00007ffd6f090000 - 0x00007ffd6f0be000 	C:\Windows\System32\IMM32.DLL
0x0000000068590000 - 0x0000000068662000 	D:\Android Studio\jre\jre\bin\msvcr100.dll
0x0000000067af0000 - 0x000000006832f000 	D:\Android Studio\jre\jre\bin\server\jvm.dll
0x00007ffd6ced0000 - 0x00007ffd6ced8000 	C:\Windows\System32\PSAPI.DLL
0x00007ffd69a00000 - 0x00007ffd69a09000 	C:\Windows\SYSTEM32\WSOCK32.dll
0x00007ffd6da80000 - 0x00007ffd6daea000 	C:\Windows\System32\WS2_32.dll
0x00007ffd69a70000 - 0x00007ffd69a93000 	C:\Windows\SYSTEM32\WINMM.dll
0x00007ffd67d80000 - 0x00007ffd67d8a000 	C:\Windows\SYSTEM32\VERSION.dll
0x00007ffd69a10000 - 0x00007ffd69a3b000 	C:\Windows\SYSTEM32\WINMMBASE.dll
0x00007ffd6cdd0000 - 0x00007ffd6ce12000 	C:\Windows\System32\cfgmgr32.dll
0x00007ffd699f0000 - 0x00007ffd699ff000 	D:\Android Studio\jre\jre\bin\verify.dll
0x00007ffd633b0000 - 0x00007ffd633d9000 	D:\Android Studio\jre\jre\bin\java.dll
0x00007ffd62e20000 - 0x00007ffd62e36000 	D:\Android Studio\jre\jre\bin\zip.dll
0x00007ffd6db10000 - 0x00007ffd6f018000 	C:\Windows\System32\SHELL32.dll
0x00007ffd6c2b0000 - 0x00007ffd6c98a000 	C:\Windows\System32\windows.storage.dll
0x00007ffd6bdb0000 - 0x00007ffd6bdfc000 	C:\Windows\System32\powrprof.dll
0x00007ffd6f030000 - 0x00007ffd6f082000 	C:\Windows\System32\shlwapi.dll
0x00007ffd6bda0000 - 0x00007ffd6bdaf000 	C:\Windows\System32\kernel.appcore.dll
0x00007ffd6ce20000 - 0x00007ffd6cec9000 	C:\Windows\System32\shcore.dll
0x00007ffd6be00000 - 0x00007ffd6be14000 	C:\Windows\System32\profapi.dll
0x00007ffd62e00000 - 0x00007ffd62e1a000 	D:\Android Studio\jre\jre\bin\net.dll
0x00007ffd6b4f0000 - 0x00007ffd6b54c000 	C:\Windows\system32\mswsock.dll
0x00007ffd62b30000 - 0x00007ffd62b41000 	D:\Android Studio\jre\jre\bin\nio.dll
0x00007ffd62e40000 - 0x00007ffd62e5e000 	C:\Users\Narding\.gradle\native\25\windows-amd64\native-platform.dll
0x00007ffd67450000 - 0x00007ffd6745d000 	D:\Android Studio\jre\jre\bin\management.dll
0x00007ffd6b870000 - 0x00007ffd6b887000 	C:\Windows\SYSTEM32\CRYPTSP.dll
0x00007ffd6b6b0000 - 0x00007ffd6b6e3000 	C:\Windows\system32\rsaenh.dll
0x00007ffd6b980000 - 0x00007ffd6b9ab000 	C:\Windows\SYSTEM32\bcrypt.dll
0x00007ffd6b750000 - 0x00007ffd6b76f000 	C:\Windows\SYSTEM32\USERENV.dll
0x00007ffd6b890000 - 0x00007ffd6b89b000 	C:\Windows\SYSTEM32\CRYPTBASE.dll
0x00007ffd6b2a0000 - 0x00007ffd6b2d8000 	C:\Windows\SYSTEM32\IPHLPAPI.DLL
0x00007ffd6f6d0000 - 0x00007ffd6f6d8000 	C:\Windows\System32\NSI.dll
0x00007ffd64d80000 - 0x00007ffd64d96000 	C:\Windows\SYSTEM32\dhcpcsvc6.DLL
0x00007ffd64c20000 - 0x00007ffd64c3a000 	C:\Windows\SYSTEM32\dhcpcsvc.DLL
0x00007ffd5d9f0000 - 0x00007ffd5db82000 	C:\Windows\SYSTEM32\dbghelp.dll

VM Arguments:
jvm_args: -Xmx1536m -Dfile.encoding=windows-1252 -Duser.country=US -Duser.language=en -Duser.variant 
java_command: org.gradle.launcher.daemon.bootstrap.GradleDaemon 4.4
java_class_path (initial): C:\Users\Narding\.gradle\wrapper\dists\gradle-4.4-all\9br9xq1tocpiv8o6njlyu5op1\gradle-4.4\lib\gradle-launcher-4.4.jar
Launcher Type: SUN_STANDARD

Environment Variables:
PATH=C:\ProgramData\Oracle\Java\javapath;C:\Windows\system32;C:\Windows;C:\Windows\System32\Wbem;C:\Windows\System32\WindowsPowerShell\v1.0\;C:\Program Files\Git\cmd;C:\Users\Narding\AppData\Local\Microsoft\WindowsApps;;C:\Program Files\Microsoft VS Code\bin
USERNAME=Narding
OS=Windows_NT
PROCESSOR_IDENTIFIER=Intel64 Family 6 Model 58 Stepping 9, GenuineIntel



---------------  S Y S T E M  ---------------

OS: Windows 10.0 , 64 bit Build 14393 (10.0.14393.0)

CPU:total 2 (initial active 2) (2 cores per cpu, 1 threads per core) family 6 model 58 stepping 9, cmov, cx8, fxsr, mmx, sse, sse2, sse3, ssse3, sse4.1, sse4.2, popcnt, clmul, erms, tsc, tscinvbit, tscinv

Memory: 4k page, physical 8353672k(4435848k free), swap 9664392k(5331600k free)

vm_info: OpenJDK 64-Bit Server VM (25.152-b02) for windows-amd64 JRE (1.8.0_152-release-1024-b02), built by "builder" with MS VC++ 10.0 (VS2010)

time: Tue May 15 01:01:51 2018
elapsed time: 142 seconds (0d 0h 2m 22s)

