#
# A fatal error has been detected by the Java Runtime Environment:
#
#  EXCEPTION_ACCESS_VIOLATION (0xc0000005) at pc=0x0000000054f7253c, pid=6256, tid=0x0000000000001a8c
#
# JRE version: OpenJDK Runtime Environment (8.0_152-b02) (build 1.8.0_152-release-1024-b02)
# Java VM: OpenJDK 64-Bit Server VM (25.152-b02 mixed mode windows-amd64 compressed oops)
# Problematic frame:
# V  [jvm.dll+0x43253c]
#
# Failed to write core dump. Minidumps are not enabled by default on client versions of Windows
#
# If you would like to submit a bug report, please visit:
#   http://bugreport.java.com/bugreport/crash.jsp
#

---------------  T H R E A D  ---------------

Current thread (0x0000000015c14800):  JavaThread "C2 CompilerThread0" daemon [_thread_in_native, id=6796, stack(0x0000000016b60000,0x0000000016c60000)]

siginfo: ExceptionCode=0xc0000005, reading address 0x000000005fc3e864

Registers:
RAX=0x00000000233c4f30, RBX=0x000000000000315d, RCX=0x000000000000315e, RDX=0x0000000000003224
RSP=0x0000000016c5c400, RBP=0x0000000016c5c510, RSI=0x00000000174a1a70, RDI=0x0000000000000f3e
R8 =0x0000000010003225, R9 =0x000000001fc31fd0, R10=0x0000000000017fb0, R11=0x0000000016c5c868
R12=0x0000000000000000, R13=0x00000000174a1a80, R14=0x00000000174a1e58, R15=0x00000000000003d8
RIP=0x0000000054f7253c, EFLAGS=0x0000000000010202

Top of Stack: (sp=0x0000000016c5c400)
0x0000000016c5c400:   0000000016c5c780 0000000054f74cbb
0x0000000016c5c410:   0000000000000000 0000000000000000
0x0000000016c5c420:   0000000016c5c780 0000000000000000
0x0000000016c5c430:   0000000000000002 00000000174a1a70
0x0000000016c5c440:   000000001dfdf960 000000001dfe4800
0x0000000016c5c450:   000000001dfe7948 00000000013aac20
0x0000000016c5c460:   0000000000000002 000000001a8f2bb0
0x0000000016c5c470:   000000001a8f2bb0 000000001a8f2bc0
0x0000000016c5c480:   000000001a8f2f98 00000000000003d8
0x0000000016c5c490:   000000000000000c 0000000016c5eb40
0x0000000016c5c4a0:   0000000023657050 00007fff3ca40501
0x0000000016c5c4b0:   00000000238f9050 000000000000417b
0x0000000016c5c4c0:   0000000016c5c430 00000000174a1a80
0x0000000016c5c4d0:   000000000000000a 0000000016c5eb40
0x0000000016c5c4e0:   000000001fb6bfe0 000000001daa1c30
0x0000000016c5c4f0:   000000002343bc10 000000002343fd40 

Instructions: (pc=0x0000000054f7253c)
0x0000000054f7251c:   0f 84 80 00 00 00 48 89 5c 24 10 48 89 3c 24 45
0x0000000054f7252c:   33 d2 8b f8 49 8b 43 40 4d 8b 4b 20 4d 63 04 02
0x0000000054f7253c:   43 8b 14 81 41 3b d0 74 4b 41 8b d8 0f 1f 84 00
0x0000000054f7254c:   00 00 00 00 8b ca 48 63 c2 41 8b 14 81 3b d1 75 


Register to memory mapping:

RAX=0x00000000233c4f30 is an unknown value
RBX=0x000000000000315d is an unknown value
RCX=0x000000000000315e is an unknown value
RDX=0x0000000000003224 is an unknown value
RSP=0x0000000016c5c400 is pointing into the stack for thread: 0x0000000015c14800
RBP=0x0000000016c5c510 is pointing into the stack for thread: 0x0000000015c14800
RSI=0x00000000174a1a70 is an unknown value
RDI=0x0000000000000f3e is an unknown value
R8 =0x0000000010003225 is an unknown value
R9 =0x000000001fc31fd0 is an unknown value
R10=0x0000000000017fb0 is an unknown value
R11=0x0000000016c5c868 is pointing into the stack for thread: 0x0000000015c14800
R12=0x0000000000000000 is an unknown value
R13=0x00000000174a1a80 is an unknown value
R14=0x00000000174a1e58 is an unknown value
R15=0x00000000000003d8 is an unknown value


Stack: [0x0000000016b60000,0x0000000016c60000],  sp=0x0000000016c5c400,  free space=1009k
Native frames: (J=compiled Java code, j=interpreted, Vv=VM code, C=native code)
V  [jvm.dll+0x43253c]
V  [jvm.dll+0x434cbb]
V  [jvm.dll+0x43f76b]
V  [jvm.dll+0x44203e]
V  [jvm.dll+0x4250b2]
V  [jvm.dll+0x814c8]
V  [jvm.dll+0x81dff]
V  [jvm.dll+0x21d2df]
V  [jvm.dll+0x26d7ea]
C  [msvcr100.dll+0x21d9f]
C  [msvcr100.dll+0x21e3b]
C  [KERNEL32.DLL+0x8364]
C  [ntdll.dll+0x65e91]


Current CompileTask:
C2:3877443 16158       4       org.gradle.api.internal.project.taskfactory.DefaultTaskClassValidatorExtractor::mergeDeclaredAnnotations (218 bytes)


---------------  P R O C E S S  ---------------

Java Threads: ( => current thread )
  0x000000001a67c000 JavaThread "build operations Thread 2" [_thread_blocked, id=5288, stack(0x0000000027590000,0x0000000027690000)]
  0x000000001a676000 JavaThread "build operations" [_thread_blocked, id=5380, stack(0x0000000027490000,0x0000000027590000)]
  0x000000001a672000 JavaThread "Cache worker for Artifact transforms cache (C:\Users\Narding\.gradle\caches\transforms-1)" [_thread_blocked, id=6388, stack(0x0000000027390000,0x0000000027490000)]
  0x000000001a674800 JavaThread "Cache worker for file hash cache (D:\LaCostaZamboanga\.gradle\4.4\fileHashes)" [_thread_blocked, id=6192, stack(0x0000000027290000,0x0000000027390000)]
  0x000000001a679000 JavaThread "Stdin handler" [_thread_blocked, id=5688, stack(0x0000000027190000,0x0000000027290000)]
  0x000000001a671800 JavaThread "Asynchronous log dispatcher for DefaultDaemonConnection: socket connection from /127.0.0.1:1831 to /127.0.0.1:2497" [_thread_blocked, id=5788, stack(0x0000000027090000,0x0000000027190000)]
  0x000000001a673800 JavaThread "Daemon worker Thread 4" [_thread_in_vm, id=7072, stack(0x0000000026f90000,0x0000000027090000)]
  0x000000001a673000 JavaThread "Cancel handler" [_thread_blocked, id=6052, stack(0x0000000026e90000,0x0000000026f90000)]
  0x000000001a678000 JavaThread "Handler for socket connection from /127.0.0.1:1831 to /127.0.0.1:2497" [_thread_in_native, id=3196, stack(0x0000000026d90000,0x0000000026e90000)]
  0x000000001a670000 JavaThread "Daemon Thread 4" [_thread_blocked, id=4628, stack(0x0000000026c90000,0x0000000026d90000)]
  0x000000001a5eb000 JavaThread "Memory manager" [_thread_blocked, id=7088, stack(0x000000001e390000,0x000000001e490000)]
  0x0000000018364800 JavaThread "File lock request listener" [_thread_in_native, id=3372, stack(0x000000001a170000,0x000000001a270000)]
  0x0000000018364000 JavaThread "Cache worker for file hash cache (C:\Users\Narding\.gradle\caches\4.4\fileHashes)" [_thread_blocked, id=4448, stack(0x000000001a070000,0x000000001a170000)]
  0x0000000018300800 JavaThread "Daemon periodic checks" [_thread_blocked, id=4916, stack(0x0000000019670000,0x0000000019770000)]
  0x00000000182d2000 JavaThread "Incoming local TCP Connector on port 1831" [_thread_in_native, id=5128, stack(0x0000000019070000,0x0000000019170000)]
  0x0000000015c8b000 JavaThread "Service Thread" daemon [_thread_blocked, id=7144, stack(0x0000000016d60000,0x0000000016e60000)]
  0x0000000015c18800 JavaThread "C1 CompilerThread1" daemon [_thread_blocked, id=5164, stack(0x0000000016c60000,0x0000000016d60000)]
=>0x0000000015c14800 JavaThread "C2 CompilerThread0" daemon [_thread_in_native, id=6796, stack(0x0000000016b60000,0x0000000016c60000)]
  0x0000000015c20000 JavaThread "Attach Listener" daemon [_thread_blocked, id=984, stack(0x0000000016a60000,0x0000000016b60000)]
  0x0000000015c1e800 JavaThread "Signal Dispatcher" daemon [_thread_blocked, id=148, stack(0x0000000016960000,0x0000000016a60000)]
  0x0000000015bff000 JavaThread "Finalizer" daemon [_thread_blocked, id=6748, stack(0x0000000016860000,0x0000000016960000)]
  0x0000000015bd4800 JavaThread "Reference Handler" daemon [_thread_blocked, id=6952, stack(0x0000000016760000,0x0000000016860000)]
  0x00000000023f0800 JavaThread "main" [_thread_blocked, id=5384, stack(0x0000000002220000,0x0000000002320000)]

Other Threads:
  0x0000000015bcc800 VMThread [stack: 0x0000000016660000,0x0000000016760000] [id=4652]
  0x0000000015c8d000 WatcherThread [stack: 0x0000000016e60000,0x0000000016f60000] [id=5304]

VM state:not at safepoint (normal execution)

VM Mutex/Monitor currently owned by a thread: None

Heap:
 PSYoungGen      total 251392K, used 93592K [0x00000000e0000000, 0x00000000f3200000, 0x0000000100000000)
  eden space 216064K, 27% used [0x00000000e0000000,0x00000000e395f688,0x00000000ed300000)
  from space 35328K, 98% used [0x00000000ed980000,0x00000000efb86c88,0x00000000efc00000)
  to   space 48640K, 0% used [0x00000000f0280000,0x00000000f0280000,0x00000000f3200000)
 ParOldGen       total 263168K, used 106004K [0x00000000a0000000, 0x00000000b0100000, 0x00000000e0000000)
  object space 263168K, 40% used [0x00000000a0000000,0x00000000a6785120,0x00000000b0100000)
 Metaspace       used 86273K, capacity 90209K, committed 90456K, reserved 1128448K
  class space    used 11159K, capacity 12037K, committed 12160K, reserved 1048576K

Card table byte_map: [0x00000000118b0000,0x0000000011bc0000] byte_map_base: 0x00000000113b0000

Marking Bits: (ParMarkBitMap*) 0x0000000055304970
 Begin Bits: [0x0000000011fc0000, 0x00000000137c0000)
 End Bits:   [0x00000000137c0000, 0x0000000014fc0000)

Polling page: 0x00000000006b0000

CodeCache: size=245760Kb used=42414Kb max_used=42498Kb free=203345Kb
 bounds [0x00000000024f0000, 0x0000000004eb0000, 0x00000000114f0000]
 total_blobs=14225 nmethods=13335 adapters=802
 compilation: enabled

Compilation events (10 events):
Event: 3877.362 Thread 0x0000000015c18800 nmethod 16282 0x000000000485a190 code [0x000000000485a340, 0x000000000485a828]
Event: 3877.362 Thread 0x0000000015c18800 16283       3       org.gradle.api.internal.artifacts.ivyservice.modulecache.DefaultModuleArtifactsCache$ModuleArtifactsCacheEntrySerializer::read (6 bytes)
Event: 3877.362 Thread 0x0000000015c18800 nmethod 16283 0x0000000003738ad0 code [0x0000000003738c40, 0x0000000003738de8]
Event: 3877.362 Thread 0x0000000015c18800 16284       3       org.gradle.api.internal.artifacts.ivyservice.modulecache.DefaultModuleArtifactsCache$ModuleArtifactsCacheEntry::<init> (28 bytes)
Event: 3877.362 Thread 0x0000000015c18800 nmethod 16284 0x00000000048592d0 code [0x00000000048594c0, 0x0000000004859c68]
Event: 3877.362 Thread 0x0000000015c18800 16285       3       org.gradle.api.internal.artifacts.ivyservice.modulecache.DefaultModuleArtifactsCache$DefaultCachedArtifacts::getAgeMillis (5 bytes)
Event: 3877.363 Thread 0x0000000015c18800 nmethod 16285 0x0000000004858f90 code [0x00000000048590e0, 0x0000000004859230]
Event: 3877.363 Thread 0x0000000015c18800 16286       3       org.gradle.api.internal.artifacts.ivyservice.resolutionstrategy.DefaultCachePolicy::mustRefreshModuleArtifacts (29 bytes)
Event: 3877.363 Thread 0x0000000015c18800 nmethod 16286 0x0000000004858950 code [0x0000000004858ac0, 0x0000000004858e08]
Event: 3877.366 Thread 0x0000000015c18800 16287       3       org.jetbrains.plugins.gradle.tooling.util.ModuleComponentIdentifierImpl::equals (77 bytes)

GC Heap History (10 events):
Event: 33.962 GC heap before
{Heap before GC invocations=21 (full 4):
 PSYoungGen      total 199168K, used 174935K [0x00000000e0000000, 0x00000000f2d80000, 0x0000000100000000)
  eden space 175104K, 99% used [0x00000000e0000000,0x00000000eaad5c10,0x00000000eab00000)
  from space 24064K, 0% used [0x00000000eda00000,0x00000000eda00000,0x00000000ef180000)
  to   space 48128K, 0% used [0x00000000eab00000,0x00000000eab00000,0x00000000eda00000)
 ParOldGen       total 263168K, used 105972K [0x00000000a0000000, 0x00000000b0100000, 0x00000000e0000000)
  object space 263168K, 40% used [0x00000000a0000000,0x00000000a677d120,0x00000000b0100000)
 Metaspace       used 70248K, capacity 72717K, committed 72920K, reserved 1112064K
  class space    used 9306K, capacity 9908K, committed 9984K, reserved 1048576K
Event: 33.986 GC heap after
Heap after GC invocations=21 (full 4):
 PSYoungGen      total 223232K, used 27389K [0x00000000e0000000, 0x00000000f2900000, 0x0000000100000000)
  eden space 175104K, 0% used [0x00000000e0000000,0x00000000e0000000,0x00000000eab00000)
  from space 48128K, 56% used [0x00000000eab00000,0x00000000ec5bf5f0,0x00000000eda00000)
  to   space 48640K, 0% used [0x00000000ef980000,0x00000000ef980000,0x00000000f2900000)
 ParOldGen       total 263168K, used 105980K [0x00000000a0000000, 0x00000000b0100000, 0x00000000e0000000)
  object space 263168K, 40% used [0x00000000a0000000,0x00000000a677f120,0x00000000b0100000)
 Metaspace       used 70248K, capacity 72717K, committed 72920K, reserved 1112064K
  class space    used 9306K, capacity 9908K, committed 9984K, reserved 1048576K
}
Event: 494.759 GC heap before
{Heap before GC invocations=22 (full 4):
 PSYoungGen      total 223232K, used 202493K [0x00000000e0000000, 0x00000000f2900000, 0x0000000100000000)
  eden space 175104K, 100% used [0x00000000e0000000,0x00000000eab00000,0x00000000eab00000)
  from space 48128K, 56% used [0x00000000eab00000,0x00000000ec5bf5f0,0x00000000eda00000)
  to   space 48640K, 0% used [0x00000000ef980000,0x00000000ef980000,0x00000000f2900000)
 ParOldGen       total 263168K, used 105980K [0x00000000a0000000, 0x00000000b0100000, 0x00000000e0000000)
  object space 263168K, 40% used [0x00000000a0000000,0x00000000a677f120,0x00000000b0100000)
 Metaspace       used 74357K, capacity 77075K, committed 77400K, reserved 1116160K
  class space    used 9687K, capacity 10293K, committed 10368K, reserved 1048576K
Event: 494.790 GC heap after
Heap after GC invocations=22 (full 4):
 PSYoungGen      total 244224K, used 25445K [0x00000000e0000000, 0x00000000f2300000, 0x0000000100000000)
  eden space 201728K, 0% used [0x00000000e0000000,0x00000000e0000000,0x00000000ec500000)
  from space 42496K, 59% used [0x00000000ef980000,0x00000000f1259658,0x00000000f2300000)
  to   space 48128K, 0% used [0x00000000ec500000,0x00000000ec500000,0x00000000ef400000)
 ParOldGen       total 263168K, used 105988K [0x00000000a0000000, 0x00000000b0100000, 0x00000000e0000000)
  object space 263168K, 40% used [0x00000000a0000000,0x00000000a6781120,0x00000000b0100000)
 Metaspace       used 74357K, capacity 77075K, committed 77400K, reserved 1116160K
  class space    used 9687K, capacity 10293K, committed 10368K, reserved 1048576K
}
Event: 513.688 GC heap before
{Heap before GC invocations=23 (full 4):
 PSYoungGen      total 244224K, used 227173K [0x00000000e0000000, 0x00000000f2300000, 0x0000000100000000)
  eden space 201728K, 100% used [0x00000000e0000000,0x00000000ec500000,0x00000000ec500000)
  from space 42496K, 59% used [0x00000000ef980000,0x00000000f1259658,0x00000000f2300000)
  to   space 48128K, 0% used [0x00000000ec500000,0x00000000ec500000,0x00000000ef400000)
 ParOldGen       total 263168K, used 105988K [0x00000000a0000000, 0x00000000b0100000, 0x00000000e0000000)
  object space 263168K, 40% used [0x00000000a0000000,0x00000000a6781120,0x00000000b0100000)
 Metaspace       used 76194K, capacity 79049K, committed 79320K, reserved 1118208K
  class space    used 9875K, capacity 10478K, committed 10496K, reserved 1048576K
Event: 513.712 GC heap after
Heap after GC invocations=23 (full 4):
 PSYoungGen      total 249856K, used 20635K [0x00000000e0000000, 0x00000000f3880000, 0x0000000100000000)
  eden space 201728K, 0% used [0x00000000e0000000,0x00000000e0000000,0x00000000ec500000)
  from space 48128K, 42% used [0x00000000ec500000,0x00000000ed926ff8,0x00000000ef400000)
  to   space 46080K, 0% used [0x00000000f0b80000,0x00000000f0b80000,0x00000000f3880000)
 ParOldGen       total 263168K, used 105996K [0x00000000a0000000, 0x00000000b0100000, 0x00000000e0000000)
  object space 263168K, 40% used [0x00000000a0000000,0x00000000a6783120,0x00000000b0100000)
 Metaspace       used 76194K, capacity 79049K, committed 79320K, reserved 1118208K
  class space    used 9875K, capacity 10478K, committed 10496K, reserved 1048576K
}
Event: 3805.210 GC heap before
{Heap before GC invocations=24 (full 4):
 PSYoungGen      total 249856K, used 222363K [0x00000000e0000000, 0x00000000f3880000, 0x0000000100000000)
  eden space 201728K, 100% used [0x00000000e0000000,0x00000000ec500000,0x00000000ec500000)
  from space 48128K, 42% used [0x00000000ec500000,0x00000000ed926ff8,0x00000000ef400000)
  to   space 46080K, 0% used [0x00000000f0b80000,0x00000000f0b80000,0x00000000f3880000)
 ParOldGen       total 263168K, used 105996K [0x00000000a0000000, 0x00000000b0100000, 0x00000000e0000000)
  object space 263168K, 40% used [0x00000000a0000000,0x00000000a6783120,0x00000000b0100000)
 Metaspace       used 81541K, capacity 84815K, committed 85080K, reserved 1122304K
  class space    used 10549K, capacity 11273K, committed 11392K, reserved 1048576K
Event: 3805.238 GC heap after
Heap after GC invocations=24 (full 4):
 PSYoungGen      total 262656K, used 26030K [0x00000000e0000000, 0x00000000f3280000, 0x0000000100000000)
  eden space 222720K, 0% used [0x00000000e0000000,0x00000000e0000000,0x00000000ed980000)
  from space 39936K, 65% used [0x00000000f0b80000,0x00000000f24ebb28,0x00000000f3280000)
  to   space 45568K, 0% used [0x00000000ed980000,0x00000000ed980000,0x00000000f0600000)
 ParOldGen       total 263168K, used 106004K [0x00000000a0000000, 0x00000000b0100000, 0x00000000e0000000)
  object space 263168K, 40% used [0x00000000a0000000,0x00000000a6785120,0x00000000b0100000)
 Metaspace       used 81541K, capacity 84815K, committed 85080K, reserved 1122304K
  class space    used 10549K, capacity 11273K, committed 11392K, reserved 1048576K
}
Event: 3876.596 GC heap before
{Heap before GC invocations=25 (full 4):
 PSYoungGen      total 262656K, used 248750K [0x00000000e0000000, 0x00000000f3280000, 0x0000000100000000)
  eden space 222720K, 100% used [0x00000000e0000000,0x00000000ed980000,0x00000000ed980000)
  from space 39936K, 65% used [0x00000000f0b80000,0x00000000f24ebb28,0x00000000f3280000)
  to   space 45568K, 0% used [0x00000000ed980000,0x00000000ed980000,0x00000000f0600000)
 ParOldGen       total 263168K, used 106004K [0x00000000a0000000, 0x00000000b0100000, 0x00000000e0000000)
  object space 263168K, 40% used [0x00000000a0000000,0x00000000a6785120,0x00000000b0100000)
 Metaspace       used 86148K, capacity 89935K, committed 90072K, reserved 1128448K
  class space    used 11153K, capacity 12026K, committed 12032K, reserved 1048576K
Event: 3876.634 GC heap after
Heap after GC invocations=25 (full 4):
 PSYoungGen      total 251392K, used 34843K [0x00000000e0000000, 0x00000000f3200000, 0x0000000100000000)
  eden space 216064K, 0% used [0x00000000e0000000,0x00000000e0000000,0x00000000ed300000)
  from space 35328K, 98% used [0x00000000ed980000,0x00000000efb86c88,0x00000000efc00000)
  to   space 48640K, 0% used [0x00000000f0280000,0x00000000f0280000,0x00000000f3200000)
 ParOldGen       total 263168K, used 106004K [0x00000000a0000000, 0x00000000b0100000, 0x00000000e0000000)
  object space 263168K, 40% used [0x00000000a0000000,0x00000000a6785120,0x00000000b0100000)
 Metaspace       used 86148K, capacity 89935K, committed 90072K, reserved 1128448K
  class space    used 11153K, capacity 12026K, committed 12032K, reserved 1048576K
}

Deoptimization events (10 events):
Event: 3813.260 Thread 0x000000001a673800 Uncommon trap: reason=unstable_if action=reinterpret pc=0x0000000004dbcdb4 method=java.util.concurrent.locks.LockSupport.unpark(Ljava/lang/Thread;)V @ 1
Event: 3814.238 Thread 0x000000001a5ea000 Uncommon trap: reason=class_check action=maybe_recompile pc=0x00000000032990bc method=com.google.common.collect.ImmutableList.copyOf(Ljava/util/Collection;)Lcom/google/common/collect/ImmutableList; @ 8
Event: 3876.640 Thread 0x000000001a673800 Uncommon trap: reason=null_check action=make_not_entrant pc=0x000000000312bf70 method=java.lang.ThreadLocal$ThreadLocalMap.getEntryAfterMiss(Ljava/lang/ThreadLocal;ILjava/lang/ThreadLocal$ThreadLocalMap$Entry;)Ljava/lang/ThreadLocal$ThreadLocalMap$Entry; 
Event: 3876.828 Thread 0x000000001a673800 Uncommon trap: reason=unstable_if action=reinterpret pc=0x00000000046a21c4 method=com.google.common.collect.AbstractMapBasedMultimap.wrapCollection(Ljava/lang/Object;Ljava/util/Collection;)Ljava/util/Collection; @ 4
Event: 3876.828 Thread 0x000000001a673800 Uncommon trap: reason=class_check action=maybe_recompile pc=0x00000000046a2834 method=com.google.common.collect.AbstractMapBasedMultimap$WrappedCollection.refreshIfEmpty()V @ 40
Event: 3877.279 Thread 0x000000001a673800 Uncommon trap: reason=unstable_if action=reinterpret pc=0x0000000002cb55c8 method=java.lang.ref.SoftReference.get()Ljava/lang/Object; @ 6
Event: 3877.279 Thread 0x000000001a673800 Uncommon trap: reason=unstable_if action=reinterpret pc=0x0000000002aa04f4 method=java.lang.ref.SoftReference.get()Ljava/lang/Object; @ 6
Event: 3877.280 Thread 0x000000001a673800 Uncommon trap: reason=unstable_if action=reinterpret pc=0x000000000494dd84 method=java.lang.ref.SoftReference.get()Ljava/lang/Object; @ 6
Event: 3877.280 Thread 0x000000001a673800 Uncommon trap: reason=unstable_if action=reinterpret pc=0x0000000002fed784 method=java.lang.ref.SoftReference.get()Ljava/lang/Object; @ 6
Event: 3877.310 Thread 0x000000001a673800 Uncommon trap: reason=unstable_if action=reinterpret pc=0x0000000004041b40 method=java.util.Arrays.equals([Ljava/lang/Object;[Ljava/lang/Object;)Z @ 12

Classes redefined (0 events):
No events

Internal exceptions (10 events):
Event: 3876.445 Thread 0x000000001a673800 Exception <a 'sun/nio/fs/WindowsException'> (0x00000000ec24a1b0) thrown at [D:\src\AOSP-openjdk-cygwin\jdk8u\hotspot\src\share\vm\prims\jni.cpp, line 709]
Event: 3876.445 Thread 0x000000001a673800 Exception <a 'sun/nio/fs/WindowsException'> (0x00000000ec24c710) thrown at [D:\src\AOSP-openjdk-cygwin\jdk8u\hotspot\src\share\vm\prims\jni.cpp, line 709]
Event: 3876.445 Thread 0x000000001a673800 Exception <a 'sun/nio/fs/WindowsException'> (0x00000000ec24d230) thrown at [D:\src\AOSP-openjdk-cygwin\jdk8u\hotspot\src\share\vm\prims\jni.cpp, line 709]
Event: 3876.446 Thread 0x000000001a673800 Exception <a 'sun/nio/fs/WindowsException'> (0x00000000ec24ed80) thrown at [D:\src\AOSP-openjdk-cygwin\jdk8u\hotspot\src\share\vm\prims\jni.cpp, line 709]
Event: 3876.446 Thread 0x000000001a673800 Exception <a 'sun/nio/fs/WindowsException'> (0x00000000ec24f8e0) thrown at [D:\src\AOSP-openjdk-cygwin\jdk8u\hotspot\src\share\vm\prims\jni.cpp, line 709]
Event: 3876.640 Thread 0x000000001a673800 Implicit null exception at 0x000000000312bac4 to 0x000000000312bf51
Event: 3877.279 Thread 0x000000001a673800 Implicit null exception at 0x0000000002cb5140 to 0x0000000002cb55ad
Event: 3877.280 Thread 0x000000001a673800 Implicit null exception at 0x000000000494d7dc to 0x000000000494dd5d
Event: 3877.280 Thread 0x000000001a673800 Implicit null exception at 0x0000000002fed1bc to 0x0000000002fed75d
Event: 3877.310 Thread 0x000000001a673800 Implicit null exception at 0x0000000004041a3e to 0x0000000004041b2d

Events (10 events):
Event: 3877.279 Thread 0x000000001a673800 DEOPT UNPACKING pc=0x000000000253557b sp=0x000000002708cb20 mode 2
Event: 3877.280 Thread 0x000000001a673800 Uncommon trap: trap_request=0xffffff65 fr.pc=0x000000000494dd84
Event: 3877.280 Thread 0x000000001a673800 DEOPT PACKING pc=0x000000000494dd84 sp=0x000000002708be90
Event: 3877.280 Thread 0x000000001a673800 DEOPT UNPACKING pc=0x000000000253557b sp=0x000000002708bd80 mode 2
Event: 3877.280 Thread 0x000000001a673800 Uncommon trap: trap_request=0xffffff65 fr.pc=0x0000000002fed784
Event: 3877.280 Thread 0x000000001a673800 DEOPT PACKING pc=0x0000000002fed784 sp=0x000000002708bb00
Event: 3877.280 Thread 0x000000001a673800 DEOPT UNPACKING pc=0x000000000253557b sp=0x000000002708b9e8 mode 2
Event: 3877.310 Thread 0x000000001a673800 Uncommon trap: trap_request=0xffffff65 fr.pc=0x0000000004041b40
Event: 3877.310 Thread 0x000000001a673800 DEOPT PACKING pc=0x0000000004041b40 sp=0x000000002708c760
Event: 3877.310 Thread 0x000000001a673800 DEOPT UNPACKING pc=0x000000000253557b sp=0x000000002708c6f8 mode 2


Dynamic libraries:
0x00007ff6622e0000 - 0x00007ff662311000 	D:\Android Studio\jre\bin\java.exe
0x00007fff3f900000 - 0x00007fff3fad1000 	C:\Windows\SYSTEM32\ntdll.dll
0x00007fff3ee60000 - 0x00007fff3ef0b000 	C:\Windows\System32\KERNEL32.DLL
0x00007fff3c9f0000 - 0x00007fff3cc0d000 	C:\Windows\System32\KERNELBASE.dll
0x00007fff3d3f0000 - 0x00007fff3d492000 	C:\Windows\System32\ADVAPI32.dll
0x00007fff3cf90000 - 0x00007fff3d02e000 	C:\Windows\System32\msvcrt.dll
0x00007fff3d570000 - 0x00007fff3d5c9000 	C:\Windows\System32\sechost.dll
0x00007fff3f340000 - 0x00007fff3f461000 	C:\Windows\System32\RPCRT4.dll
0x00007fff3d0f0000 - 0x00007fff3d255000 	C:\Windows\System32\USER32.dll
0x00007fff3c9d0000 - 0x00007fff3c9ee000 	C:\Windows\System32\win32u.dll
0x00007fff3d770000 - 0x00007fff3d7a4000 	C:\Windows\System32\GDI32.dll
0x00007fff3c570000 - 0x00007fff3c6f2000 	C:\Windows\System32\gdi32full.dll
0x00007fff38730000 - 0x00007fff389a9000 	C:\Windows\WinSxS\amd64_microsoft.windows.common-controls_6595b64144ccf1df_6.0.14393.0_none_2d0f50fcbdb171b8\COMCTL32.dll
0x00007fff3f070000 - 0x00007fff3f337000 	C:\Windows\System32\combase.dll
0x00007fff3c700000 - 0x00007fff3c7f5000 	C:\Windows\System32\ucrtbase.dll
0x00007fff3c960000 - 0x00007fff3c9ca000 	C:\Windows\System32\bcryptPrimitives.dll
0x00007fff3ee20000 - 0x00007fff3ee4e000 	C:\Windows\System32\IMM32.DLL
0x00000000555e0000 - 0x00000000556b2000 	D:\Android Studio\jre\jre\bin\msvcr100.dll
0x0000000054b40000 - 0x000000005537f000 	D:\Android Studio\jre\jre\bin\server\jvm.dll
0x00007fff3ee50000 - 0x00007fff3ee58000 	C:\Windows\System32\PSAPI.DLL
0x00007fff35700000 - 0x00007fff35709000 	C:\Windows\SYSTEM32\WSOCK32.dll
0x00007fff3a2a0000 - 0x00007fff3a2c3000 	C:\Windows\SYSTEM32\WINMM.dll
0x00007fff3d500000 - 0x00007fff3d56a000 	C:\Windows\System32\WS2_32.dll
0x00007fff389b0000 - 0x00007fff389ba000 	C:\Windows\SYSTEM32\VERSION.dll
0x00007fff3a240000 - 0x00007fff3a26b000 	C:\Windows\SYSTEM32\WINMMBASE.dll
0x00007fff3cc70000 - 0x00007fff3ccb2000 	C:\Windows\System32\cfgmgr32.dll
0x00007fff356f0000 - 0x00007fff356ff000 	D:\Android Studio\jre\jre\bin\verify.dll
0x00007fff32a10000 - 0x00007fff32a39000 	D:\Android Studio\jre\jre\bin\java.dll
0x00007fff33200000 - 0x00007fff33216000 	D:\Android Studio\jre\jre\bin\zip.dll
0x00007fff3d8f0000 - 0x00007fff3edf8000 	C:\Windows\System32\SHELL32.dll
0x00007fff3be90000 - 0x00007fff3c56a000 	C:\Windows\System32\windows.storage.dll
0x00007fff3bda0000 - 0x00007fff3bdec000 	C:\Windows\System32\powrprof.dll
0x00007fff3d300000 - 0x00007fff3d352000 	C:\Windows\System32\shlwapi.dll
0x00007fff3bd90000 - 0x00007fff3bd9f000 	C:\Windows\System32\kernel.appcore.dll
0x00007fff3c800000 - 0x00007fff3c8a9000 	C:\Windows\System32\shcore.dll
0x00007fff3bd60000 - 0x00007fff3bd74000 	C:\Windows\System32\profapi.dll
0x00007fff32b00000 - 0x00007fff32b1a000 	D:\Android Studio\jre\jre\bin\net.dll
0x00007fff3b4b0000 - 0x00007fff3b50c000 	C:\Windows\system32\mswsock.dll
0x00007fff32470000 - 0x00007fff32481000 	D:\Android Studio\jre\jre\bin\nio.dll
0x00007fff31490000 - 0x00007fff314ae000 	C:\Users\Narding\.gradle\native\25\windows-amd64\native-platform.dll
0x00007fff356d0000 - 0x00007fff356dd000 	D:\Android Studio\jre\jre\bin\management.dll
0x00007fff3b830000 - 0x00007fff3b847000 	C:\Windows\SYSTEM32\CRYPTSP.dll
0x00007fff3b670000 - 0x00007fff3b6a3000 	C:\Windows\system32\rsaenh.dll
0x00007fff3b940000 - 0x00007fff3b96b000 	C:\Windows\SYSTEM32\bcrypt.dll
0x00007fff3b710000 - 0x00007fff3b72f000 	C:\Windows\SYSTEM32\USERENV.dll
0x00007fff3b850000 - 0x00007fff3b85b000 	C:\Windows\SYSTEM32\CRYPTBASE.dll
0x00007fff3b260000 - 0x00007fff3b298000 	C:\Windows\SYSTEM32\IPHLPAPI.DLL
0x00007fff3d370000 - 0x00007fff3d378000 	C:\Windows\System32\NSI.dll
0x00007fff31d90000 - 0x00007fff31da6000 	C:\Windows\SYSTEM32\dhcpcsvc6.DLL
0x00007fff31d70000 - 0x00007fff31d8a000 	C:\Windows\SYSTEM32\dhcpcsvc.DLL
0x00007fff2d5b0000 - 0x00007fff2d5d4000 	D:\Android Studio\jre\jre\bin\sunec.dll
0x00007fff3b2b0000 - 0x00007fff3b350000 	C:\Windows\SYSTEM32\DNSAPI.dll
0x00007fff31300000 - 0x00007fff3130a000 	C:\Windows\System32\rasadhlp.dll
0x00007fff31ca0000 - 0x00007fff31d0a000 	C:\Windows\System32\fwpuclnt.dll
0x00007fff32460000 - 0x00007fff3246b000 	D:\Android Studio\jre\jre\bin\sunmscapi.dll
0x00007fff3ccc0000 - 0x00007fff3ce88000 	C:\Windows\System32\CRYPT32.dll
0x00007fff3bd80000 - 0x00007fff3bd90000 	C:\Windows\System32\MSASN1.dll
0x00007fff2e840000 - 0x00007fff2e9d2000 	C:\Windows\SYSTEM32\dbghelp.dll

VM Arguments:
jvm_args: -Xmx1536m -Dfile.encoding=windows-1252 -Duser.country=US -Duser.language=en -Duser.variant 
java_command: org.gradle.launcher.daemon.bootstrap.GradleDaemon 4.4
java_class_path (initial): C:\Users\Narding\.gradle\wrapper\dists\gradle-4.4-all\9br9xq1tocpiv8o6njlyu5op1\gradle-4.4\lib\gradle-launcher-4.4.jar
Launcher Type: SUN_STANDARD

Environment Variables:
PATH=C:\ProgramData\Oracle\Java\javapath;C:\Windows\system32;C:\Windows;C:\Windows\System32\Wbem;C:\Windows\System32\WindowsPowerShell\v1.0\;C:\Program Files\Git\cmd;C:\Users\Narding\AppData\Local\Microsoft\WindowsApps;;C:\Program Files\Microsoft VS Code\bin
USERNAME=Narding
OS=Windows_NT
PROCESSOR_IDENTIFIER=Intel64 Family 6 Model 58 Stepping 9, GenuineIntel



---------------  S Y S T E M  ---------------

OS: Windows 10.0 , 64 bit Build 14393 (10.0.14393.0)

CPU:total 2 (initial active 2) (2 cores per cpu, 1 threads per core) family 6 model 58 stepping 9, cmov, cx8, fxsr, mmx, sse, sse2, sse3, ssse3, sse4.1, sse4.2, popcnt, clmul, erms, tsc, tscinvbit, tscinv

Memory: 4k page, physical 8353672k(3776352k free), swap 9664392k(4415484k free)

vm_info: OpenJDK 64-Bit Server VM (25.152-b02) for windows-amd64 JRE (1.8.0_152-release-1024-b02), built by "builder" with MS VC++ 10.0 (VS2010)

time: Sat May 19 02:15:16 2018
elapsed time: 3877 seconds (0d 1h 4m 37s)

